<?xml version="1.0" encoding="UTF-8"?>
<testsuite name="example.cashcard.CashCardJsonTest" tests="2" skipped="0" failures="0" errors="0" timestamp="2024-01-27T22:33:42" hostname="spring-academy-boot-developer-w899-s1263-77bf4bd97b-qfjcp" time="0.598">
  <properties/>
  <testcase name="cashCardSerializationTest()" classname="example.cashcard.CashCardJsonTest" time="0.578"/>
  <testcase name="cashCardDeserializationTest()" classname="example.cashcard.CashCardJsonTest" time="0.018"/>
  <system-out><![CDATA[22:33:41.786 [Test worker] INFO org.springframework.test.context.support.AnnotationConfigContextLoaderUtils -- Could not detect default configuration classes for test class [example.cashcard.CashCardJsonTest]: CashCardJsonTest does not declare any static, non-private, non-final, nested classes annotated with @Configuration.
22:33:41.851 [Test worker] INFO org.springframework.boot.test.context.SpringBootTestContextBootstrapper -- Found @SpringBootConfiguration example.cashcard.CashCardApplication for test class example.cashcard.CashCardJsonTest

  .   ____          _            __ _ _
 /\\ / ___'_ __ _ _(_)_ __  __ _ \ \ \ \
( ( )\___ | '_ | '_| | '_ \/ _` | \ \ \ \
 \\/  ___)| |_)| | | | | || (_| |  ) ) ) )
  '  |____| .__|_| |_|_| |_\__, | / / / /
 =========|_|==============|___/=/_/_/_/
 :: Spring Boot ::                (v3.1.4)

2024-01-27T22:33:42.085Z  INFO 13181 --- [    Test worker] example.cashcard.CashCardJsonTest        : Starting CashCardJsonTest using Java 17.0.7 with PID 13181 (started by eduk8s in /home/eduk8s/exercises)
2024-01-27T22:33:42.086Z  INFO 13181 --- [    Test worker] example.cashcard.CashCardJsonTest        : No active profile set, falling back to 1 default profile: "default"
2024-01-27T22:33:42.364Z  INFO 13181 --- [    Test worker] example.cashcard.CashCardJsonTest        : Started CashCardJsonTest in 0.477 seconds (process running for 1.062)
]]></system-out>
  <system-err><![CDATA[]]></system-err>
</testsuite>
