<?xml version="1.0" encoding="UTF-8"?>
<testsuite name="example.cashcard.CashCardApplicationTests" tests="10" skipped="0" failures="0" errors="0" timestamp="2024-02-04T03:29:38" hostname="codespaces-31b204" time="4.436">
  <properties/>
  <testcase name="shouldReturnASortedPageOfCashCards()" classname="example.cashcard.CashCardApplicationTests" time="1.523"/>
  <testcase name="shouldNotAllowAccessToCashCardsTheyDoNotOwn()" classname="example.cashcard.CashCardApplicationTests" time="0.113"/>
  <testcase name="shouldReturnACashCardWhenDataIsSaved()" classname="example.cashcard.CashCardApplicationTests" time="0.106"/>
  <testcase name="shouldCreateANewCashCard()" classname="example.cashcard.CashCardApplicationTests" time="0.547"/>
  <testcase name="shouldRejectUsersWhoAreNotCardOwners()" classname="example.cashcard.CashCardApplicationTests" time="0.215"/>
  <testcase name="shouldReturnAPageOfCashCards()" classname="example.cashcard.CashCardApplicationTests" time="0.153"/>
  <testcase name="shouldNotReturnACashCardWhenUsingBadCredentials()" classname="example.cashcard.CashCardApplicationTests" time="0.185"/>
  <testcase name="shouldReturnAllCashCardsWhenListIsRequested()" classname="example.cashcard.CashCardApplicationTests" time="0.128"/>
  <testcase name="shouldReturnASortedPageOfCashCardsWithNoParametersAndUseDefaultValues()" classname="example.cashcard.CashCardApplicationTests" time="0.09"/>
  <testcase name="shouldNotReturnACashCardWithAnUnknownId()" classname="example.cashcard.CashCardApplicationTests" time="0.094"/>
  <system-out><![CDATA[03:29:33.397 [Test worker] INFO org.springframework.test.context.support.AnnotationConfigContextLoaderUtils -- Could not detect default configuration classes for test class [example.cashcard.CashCardApplicationTests]: CashCardApplicationTests does not declare any static, non-private, non-final, nested classes annotated with @Configuration.
03:29:33.573 [Test worker] INFO org.springframework.boot.test.context.SpringBootTestContextBootstrapper -- Found @SpringBootConfiguration example.cashcard.CashCardApplication for test class example.cashcard.CashCardApplicationTests

  .   ____          _            __ _ _
 /\\ / ___'_ __ _ _(_)_ __  __ _ \ \ \ \
( ( )\___ | '_ | '_| | '_ \/ _` | \ \ \ \
 \\/  ___)| |_)| | | | | || (_| |  ) ) ) )
  '  |____| .__|_| |_|_| |_\__, | / / / /
 =========|_|==============|___/=/_/_/_/
 :: Spring Boot ::       (v3.1.9-SNAPSHOT)

2024-02-04T03:29:34.183Z  INFO 44226 --- [    Test worker] e.cashcard.CashCardApplicationTests      : Starting CashCardApplicationTests using Java 17.0.9 with PID 44226 (started by codespace in /workspaces/springboot-demo)
2024-02-04T03:29:34.185Z  INFO 44226 --- [    Test worker] e.cashcard.CashCardApplicationTests      : No active profile set, falling back to 1 default profile: "default"
2024-02-04T03:29:35.190Z  INFO 44226 --- [    Test worker] .s.d.r.c.RepositoryConfigurationDelegate : Bootstrapping Spring Data JDBC repositories in DEFAULT mode.
2024-02-04T03:29:35.307Z  INFO 44226 --- [    Test worker] .s.d.r.c.RepositoryConfigurationDelegate : Finished Spring Data repository scanning in 109 ms. Found 1 JDBC repository interface.
2024-02-04T03:29:36.323Z  INFO 44226 --- [    Test worker] o.s.b.w.embedded.tomcat.TomcatWebServer  : Tomcat initialized with port(s): 0 (http)
2024-02-04T03:29:36.337Z  INFO 44226 --- [    Test worker] o.apache.catalina.core.StandardService   : Starting service [Tomcat]
2024-02-04T03:29:36.338Z  INFO 44226 --- [    Test worker] o.apache.catalina.core.StandardEngine    : Starting Servlet engine: [Apache Tomcat/10.1.18]
2024-02-04T03:29:36.490Z  INFO 44226 --- [    Test worker] o.a.c.c.C.[Tomcat].[localhost].[/]       : Initializing Spring embedded WebApplicationContext
2024-02-04T03:29:36.491Z  INFO 44226 --- [    Test worker] w.s.c.ServletWebServerApplicationContext : Root WebApplicationContext: initialization completed in 2277 ms
2024-02-04T03:29:36.631Z  INFO 44226 --- [    Test worker] o.s.j.d.e.EmbeddedDatabaseFactory        : Starting embedded database: url='jdbc:h2:mem:9ff68700-ad76-423c-8bdf-31e7d7863dd6;DB_CLOSE_DELAY=-1;DB_CLOSE_ON_EXIT=false', username='sa'
2024-02-04T03:29:37.764Z  INFO 44226 --- [    Test worker] o.s.s.web.DefaultSecurityFilterChain     : Will secure any request with [org.springframework.security.web.session.DisableEncodeUrlFilter@2d4e99de, org.springframework.security.web.context.request.async.WebAsyncManagerIntegrationFilter@580ffea, org.springframework.security.web.context.SecurityContextHolderFilter@d76099a, org.springframework.security.web.header.HeaderWriterFilter@f48a080, org.springframework.security.web.authentication.logout.LogoutFilter@3e04abc5, org.springframework.security.web.authentication.www.BasicAuthenticationFilter@7e4ac598, org.springframework.security.web.savedrequest.RequestCacheAwareFilter@7e1d8d41, org.springframework.security.web.servletapi.SecurityContextHolderAwareRequestFilter@277bc3a5, org.springframework.security.web.authentication.AnonymousAuthenticationFilter@191e654, org.springframework.security.web.access.ExceptionTranslationFilter@749d7c01, org.springframework.security.web.access.intercept.AuthorizationFilter@4df0d9f8]
2024-02-04T03:29:37.991Z  INFO 44226 --- [    Test worker] o.s.b.w.embedded.tomcat.TomcatWebServer  : Tomcat started on port(s): 38905 (http) with context path ''
2024-02-04T03:29:38.003Z  INFO 44226 --- [    Test worker] e.cashcard.CashCardApplicationTests      : Started CashCardApplicationTests in 4.184 seconds (process running for 5.802)
2024-02-04T03:29:39.045Z  INFO 44226 --- [o-auto-1-exec-1] o.a.c.c.C.[Tomcat].[localhost].[/]       : Initializing Spring DispatcherServlet 'dispatcherServlet'
2024-02-04T03:29:39.045Z  INFO 44226 --- [o-auto-1-exec-1] o.s.web.servlet.DispatcherServlet        : Initializing Servlet 'dispatcherServlet'
2024-02-04T03:29:39.048Z  INFO 44226 --- [o-auto-1-exec-1] o.s.web.servlet.DispatcherServlet        : Completed initialization in 1 ms
2024-02-04T03:29:40.056Z  INFO 44226 --- [    Test worker] o.apache.catalina.core.StandardService   : Stopping service [Tomcat]
2024-02-04T03:29:40.059Z  INFO 44226 --- [    Test worker] o.a.c.c.C.[Tomcat].[localhost].[/]       : Destroying Spring FrameworkServlet 'dispatcherServlet'
2024-02-04T03:29:40.112Z  INFO 44226 --- [    Test worker] o.s.j.d.e.EmbeddedDatabaseFactory        : Shutting down embedded database: url='jdbc:h2:mem:9ff68700-ad76-423c-8bdf-31e7d7863dd6;DB_CLOSE_DELAY=-1;DB_CLOSE_ON_EXIT=false'

  .   ____          _            __ _ _
 /\\ / ___'_ __ _ _(_)_ __  __ _ \ \ \ \
( ( )\___ | '_ | '_| | '_ \/ _` | \ \ \ \
 \\/  ___)| |_)| | | | | || (_| |  ) ) ) )
  '  |____| .__|_| |_|_| |_\__, | / / / /
 =========|_|==============|___/=/_/_/_/
 :: Spring Boot ::       (v3.1.9-SNAPSHOT)

2024-02-04T03:29:40.416Z  INFO 44226 --- [    Test worker] e.cashcard.CashCardApplicationTests      : Starting CashCardApplicationTests using Java 17.0.9 with PID 44226 (started by codespace in /workspaces/springboot-demo)
2024-02-04T03:29:40.416Z  INFO 44226 --- [    Test worker] e.cashcard.CashCardApplicationTests      : No active profile set, falling back to 1 default profile: "default"
2024-02-04T03:29:40.687Z  INFO 44226 --- [    Test worker] .s.d.r.c.RepositoryConfigurationDelegate : Bootstrapping Spring Data JDBC repositories in DEFAULT mode.
2024-02-04T03:29:40.705Z  INFO 44226 --- [    Test worker] .s.d.r.c.RepositoryConfigurationDelegate : Finished Spring Data repository scanning in 17 ms. Found 1 JDBC repository interface.
2024-02-04T03:29:40.890Z  INFO 44226 --- [    Test worker] o.s.b.w.embedded.tomcat.TomcatWebServer  : Tomcat initialized with port(s): 0 (http)
2024-02-04T03:29:40.895Z  INFO 44226 --- [    Test worker] o.apache.catalina.core.StandardService   : Starting service [Tomcat]
2024-02-04T03:29:40.896Z  INFO 44226 --- [    Test worker] o.apache.catalina.core.StandardEngine    : Starting Servlet engine: [Apache Tomcat/10.1.18]
2024-02-04T03:29:40.920Z  INFO 44226 --- [    Test worker] o.a.c.c.C.[Tomcat].[localhost].[/]       : Initializing Spring embedded WebApplicationContext
2024-02-04T03:29:40.921Z  INFO 44226 --- [    Test worker] w.s.c.ServletWebServerApplicationContext : Root WebApplicationContext: initialization completed in 501 ms
2024-02-04T03:29:40.987Z  INFO 44226 --- [    Test worker] o.s.j.d.e.EmbeddedDatabaseFactory        : Starting embedded database: url='jdbc:h2:mem:f94e3a1b-8f0a-486f-9cc1-c42931f0ec9a;DB_CLOSE_DELAY=-1;DB_CLOSE_ON_EXIT=false', username='sa'
2024-02-04T03:29:41.511Z  INFO 44226 --- [    Test worker] o.s.s.web.DefaultSecurityFilterChain     : Will secure any request with [org.springframework.security.web.session.DisableEncodeUrlFilter@ca2a03f, org.springframework.security.web.context.request.async.WebAsyncManagerIntegrationFilter@4a7c72af, org.springframework.security.web.context.SecurityContextHolderFilter@37f627d0, org.springframework.security.web.header.HeaderWriterFilter@4a10c019, org.springframework.security.web.authentication.logout.LogoutFilter@65d2d3cc, org.springframework.security.web.authentication.www.BasicAuthenticationFilter@7f9d40b3, org.springframework.security.web.savedrequest.RequestCacheAwareFilter@2a7392a3, org.springframework.security.web.servletapi.SecurityContextHolderAwareRequestFilter@2fc0ad21, org.springframework.security.web.authentication.AnonymousAuthenticationFilter@3e24bab6, org.springframework.security.web.access.ExceptionTranslationFilter@21d48c40, org.springframework.security.web.access.intercept.AuthorizationFilter@7901a5ab]
2024-02-04T03:29:41.570Z  INFO 44226 --- [    Test worker] o.s.b.w.embedded.tomcat.TomcatWebServer  : Tomcat started on port(s): 40929 (http) with context path ''
2024-02-04T03:29:41.574Z  INFO 44226 --- [    Test worker] e.cashcard.CashCardApplicationTests      : Started CashCardApplicationTests in 1.248 seconds (process running for 9.373)
2024-02-04T03:29:41.593Z  INFO 44226 --- [o-auto-2-exec-1] o.a.c.c.C.[Tomcat].[localhost].[/]       : Initializing Spring DispatcherServlet 'dispatcherServlet'
2024-02-04T03:29:41.594Z  INFO 44226 --- [o-auto-2-exec-1] o.s.web.servlet.DispatcherServlet        : Initializing Servlet 'dispatcherServlet'
2024-02-04T03:29:41.594Z  INFO 44226 --- [o-auto-2-exec-1] o.s.web.servlet.DispatcherServlet        : Completed initialization in 0 ms
]]></system-out>
  <system-err><![CDATA[]]></system-err>
</testsuite>
