<?xml version="1.0" encoding="UTF-8"?>
<testsuite name="example.cashcard.CashCardApplicationTests" tests="7" skipped="0" failures="0" errors="0" timestamp="2024-02-03T23:20:49" hostname="codespaces-31b204" time="2.855">
  <properties/>
  <testcase name="shouldReturnASortedPageOfCashCards()" classname="example.cashcard.CashCardApplicationTests" time="1.466"/>
  <testcase name="shouldReturnACashCardWhenDataIsSaved()" classname="example.cashcard.CashCardApplicationTests" time="0.034"/>
  <testcase name="shouldCreateANewCashCard()" classname="example.cashcard.CashCardApplicationTests" time="0.344"/>
  <testcase name="shouldReturnAPageOfCashCards()" classname="example.cashcard.CashCardApplicationTests" time="0.024"/>
  <testcase name="shouldReturnAllCashCardsWhenListIsRequested()" classname="example.cashcard.CashCardApplicationTests" time="0.026"/>
  <testcase name="shouldReturnASortedPageOfCashCardsWithNoParametersAndUseDefaultValues()" classname="example.cashcard.CashCardApplicationTests" time="0.012"/>
  <testcase name="shouldNotReturnACashCardWithAnUnknownId()" classname="example.cashcard.CashCardApplicationTests" time="0.018"/>
  <system-out><![CDATA[23:20:45.372 [Test worker] INFO org.springframework.test.context.support.AnnotationConfigContextLoaderUtils -- Could not detect default configuration classes for test class [example.cashcard.CashCardApplicationTests]: CashCardApplicationTests does not declare any static, non-private, non-final, nested classes annotated with @Configuration.
23:20:45.588 [Test worker] INFO org.springframework.boot.test.context.SpringBootTestContextBootstrapper -- Found @SpringBootConfiguration example.cashcard.CashCardApplication for test class example.cashcard.CashCardApplicationTests

  .   ____          _            __ _ _
 /\\ / ___'_ __ _ _(_)_ __  __ _ \ \ \ \
( ( )\___ | '_ | '_| | '_ \/ _` | \ \ \ \
 \\/  ___)| |_)| | | | | || (_| |  ) ) ) )
  '  |____| .__|_| |_|_| |_\__, | / / / /
 =========|_|==============|___/=/_/_/_/
 :: Spring Boot ::       (v3.1.9-SNAPSHOT)

2024-02-03T23:20:46.302Z  INFO 47840 --- [    Test worker] e.cashcard.CashCardApplicationTests      : Starting CashCardApplicationTests using Java 17.0.9 with PID 47840 (started by codespace in /workspaces/springboot-demo)
2024-02-03T23:20:46.309Z  INFO 47840 --- [    Test worker] e.cashcard.CashCardApplicationTests      : No active profile set, falling back to 1 default profile: "default"
2024-02-03T23:20:47.145Z  INFO 47840 --- [    Test worker] .s.d.r.c.RepositoryConfigurationDelegate : Bootstrapping Spring Data JDBC repositories in DEFAULT mode.
2024-02-03T23:20:47.206Z  INFO 47840 --- [    Test worker] .s.d.r.c.RepositoryConfigurationDelegate : Finished Spring Data repository scanning in 56 ms. Found 1 JDBC repository interface.
2024-02-03T23:20:47.771Z  INFO 47840 --- [    Test worker] o.s.b.w.embedded.tomcat.TomcatWebServer  : Tomcat initialized with port(s): 0 (http)
2024-02-03T23:20:47.784Z  INFO 47840 --- [    Test worker] o.apache.catalina.core.StandardService   : Starting service [Tomcat]
2024-02-03T23:20:47.785Z  INFO 47840 --- [    Test worker] o.apache.catalina.core.StandardEngine    : Starting Servlet engine: [Apache Tomcat/10.1.18]
2024-02-03T23:20:47.935Z  INFO 47840 --- [    Test worker] o.a.c.c.C.[Tomcat].[localhost].[/]       : Initializing Spring embedded WebApplicationContext
2024-02-03T23:20:47.937Z  INFO 47840 --- [    Test worker] w.s.c.ServletWebServerApplicationContext : Root WebApplicationContext: initialization completed in 1591 ms
2024-02-03T23:20:48.154Z  INFO 47840 --- [    Test worker] o.s.j.d.e.EmbeddedDatabaseFactory        : Starting embedded database: url='jdbc:h2:mem:ef60908a-d4d9-4323-bf8a-c472ebca1292;DB_CLOSE_DELAY=-1;DB_CLOSE_ON_EXIT=false', username='sa'
2024-02-03T23:20:49.290Z  INFO 47840 --- [    Test worker] o.s.b.w.embedded.tomcat.TomcatWebServer  : Tomcat started on port(s): 45577 (http) with context path ''
2024-02-03T23:20:49.306Z  INFO 47840 --- [    Test worker] e.cashcard.CashCardApplicationTests      : Started CashCardApplicationTests in 3.518 seconds (process running for 5.035)
2024-02-03T23:20:50.383Z  INFO 47840 --- [o-auto-1-exec-1] o.a.c.c.C.[Tomcat].[localhost].[/]       : Initializing Spring DispatcherServlet 'dispatcherServlet'
2024-02-03T23:20:50.383Z  INFO 47840 --- [o-auto-1-exec-1] o.s.web.servlet.DispatcherServlet        : Initializing Servlet 'dispatcherServlet'
2024-02-03T23:20:50.385Z  INFO 47840 --- [o-auto-1-exec-1] o.s.web.servlet.DispatcherServlet        : Completed initialization in 1 ms
2024-02-03T23:20:50.926Z  INFO 47840 --- [    Test worker] o.apache.catalina.core.StandardService   : Stopping service [Tomcat]
2024-02-03T23:20:50.928Z  INFO 47840 --- [    Test worker] o.a.c.c.C.[Tomcat].[localhost].[/]       : Destroying Spring FrameworkServlet 'dispatcherServlet'
2024-02-03T23:20:50.961Z  INFO 47840 --- [    Test worker] o.s.j.d.e.EmbeddedDatabaseFactory        : Shutting down embedded database: url='jdbc:h2:mem:ef60908a-d4d9-4323-bf8a-c472ebca1292;DB_CLOSE_DELAY=-1;DB_CLOSE_ON_EXIT=false'

  .   ____          _            __ _ _
 /\\ / ___'_ __ _ _(_)_ __  __ _ \ \ \ \
( ( )\___ | '_ | '_| | '_ \/ _` | \ \ \ \
 \\/  ___)| |_)| | | | | || (_| |  ) ) ) )
  '  |____| .__|_| |_|_| |_\__, | / / / /
 =========|_|==============|___/=/_/_/_/
 :: Spring Boot ::       (v3.1.9-SNAPSHOT)

2024-02-03T23:20:51.244Z  INFO 47840 --- [    Test worker] e.cashcard.CashCardApplicationTests      : Starting CashCardApplicationTests using Java 17.0.9 with PID 47840 (started by codespace in /workspaces/springboot-demo)
2024-02-03T23:20:51.245Z  INFO 47840 --- [    Test worker] e.cashcard.CashCardApplicationTests      : No active profile set, falling back to 1 default profile: "default"
2024-02-03T23:20:51.455Z  INFO 47840 --- [    Test worker] .s.d.r.c.RepositoryConfigurationDelegate : Bootstrapping Spring Data JDBC repositories in DEFAULT mode.
2024-02-03T23:20:51.467Z  INFO 47840 --- [    Test worker] .s.d.r.c.RepositoryConfigurationDelegate : Finished Spring Data repository scanning in 10 ms. Found 1 JDBC repository interface.
2024-02-03T23:20:51.590Z  INFO 47840 --- [    Test worker] o.s.b.w.embedded.tomcat.TomcatWebServer  : Tomcat initialized with port(s): 0 (http)
2024-02-03T23:20:51.592Z  INFO 47840 --- [    Test worker] o.apache.catalina.core.StandardService   : Starting service [Tomcat]
2024-02-03T23:20:51.592Z  INFO 47840 --- [    Test worker] o.apache.catalina.core.StandardEngine    : Starting Servlet engine: [Apache Tomcat/10.1.18]
2024-02-03T23:20:51.607Z  INFO 47840 --- [    Test worker] o.a.c.c.C.[Tomcat].[localhost].[/]       : Initializing Spring embedded WebApplicationContext
2024-02-03T23:20:51.608Z  INFO 47840 --- [    Test worker] w.s.c.ServletWebServerApplicationContext : Root WebApplicationContext: initialization completed in 358 ms
2024-02-03T23:20:51.642Z  INFO 47840 --- [    Test worker] o.s.j.d.e.EmbeddedDatabaseFactory        : Starting embedded database: url='jdbc:h2:mem:02882665-b991-4145-abfb-aa4d0995ce10;DB_CLOSE_DELAY=-1;DB_CLOSE_ON_EXIT=false', username='sa'
2024-02-03T23:20:52.076Z  INFO 47840 --- [    Test worker] o.s.b.w.embedded.tomcat.TomcatWebServer  : Tomcat started on port(s): 45043 (http) with context path ''
2024-02-03T23:20:52.082Z  INFO 47840 --- [    Test worker] e.cashcard.CashCardApplicationTests      : Started CashCardApplicationTests in 0.912 seconds (process running for 7.81)
2024-02-03T23:20:52.090Z  INFO 47840 --- [o-auto-2-exec-1] o.a.c.c.C.[Tomcat].[localhost].[/]       : Initializing Spring DispatcherServlet 'dispatcherServlet'
2024-02-03T23:20:52.090Z  INFO 47840 --- [o-auto-2-exec-1] o.s.web.servlet.DispatcherServlet        : Initializing Servlet 'dispatcherServlet'
2024-02-03T23:20:52.091Z  INFO 47840 --- [o-auto-2-exec-1] o.s.web.servlet.DispatcherServlet        : Completed initialization in 0 ms
]]></system-out>
  <system-err><![CDATA[]]></system-err>
</testsuite>
