<?xml version="1.0" encoding="UTF-8"?>
<testsuite name="example.cashcard.CashCardApplicationTests" tests="2" skipped="0" failures="0" errors="0" timestamp="2024-02-03T16:57:19" hostname="codespaces-31b204" time="1.445">
  <properties/>
  <testcase name="shouldReturnACashCardWhenDataIsSaved()" classname="example.cashcard.CashCardApplicationTests" time="1.427"/>
  <testcase name="shouldNotReturnACashCardWithAnUnknownId()" classname="example.cashcard.CashCardApplicationTests" time="0.015"/>
  <system-out><![CDATA[16:57:16.656 [Test worker] INFO org.springframework.test.context.support.AnnotationConfigContextLoaderUtils -- Could not detect default configuration classes for test class [example.cashcard.CashCardApplicationTests]: CashCardApplicationTests does not declare any static, non-private, non-final, nested classes annotated with @Configuration.
16:57:16.774 [Test worker] INFO org.springframework.boot.test.context.SpringBootTestContextBootstrapper -- Found @SpringBootConfiguration example.cashcard.CashCardApplication for test class example.cashcard.CashCardApplicationTests

  .   ____          _            __ _ _
 /\\ / ___'_ __ _ _(_)_ __  __ _ \ \ \ \
( ( )\___ | '_ | '_| | '_ \/ _` | \ \ \ \
 \\/  ___)| |_)| | | | | || (_| |  ) ) ) )
  '  |____| .__|_| |_|_| |_\__, | / / / /
 =========|_|==============|___/=/_/_/_/
 :: Spring Boot ::       (v3.1.9-SNAPSHOT)

2024-02-03T16:57:17.348Z  INFO 4831 --- [    Test worker] e.cashcard.CashCardApplicationTests      : Starting CashCardApplicationTests using Java 17.0.9 with PID 4831 (started by codespace in /workspaces/springboot-demo)
2024-02-03T16:57:17.350Z  INFO 4831 --- [    Test worker] e.cashcard.CashCardApplicationTests      : No active profile set, falling back to 1 default profile: "default"
2024-02-03T16:57:18.674Z  INFO 4831 --- [    Test worker] o.s.b.w.embedded.tomcat.TomcatWebServer  : Tomcat initialized with port(s): 0 (http)
2024-02-03T16:57:18.685Z  INFO 4831 --- [    Test worker] o.apache.catalina.core.StandardService   : Starting service [Tomcat]
2024-02-03T16:57:18.686Z  INFO 4831 --- [    Test worker] o.apache.catalina.core.StandardEngine    : Starting Servlet engine: [Apache Tomcat/10.1.18]
2024-02-03T16:57:18.811Z  INFO 4831 --- [    Test worker] o.a.c.c.C.[Tomcat].[localhost].[/]       : Initializing Spring embedded WebApplicationContext
2024-02-03T16:57:18.813Z  INFO 4831 --- [    Test worker] w.s.c.ServletWebServerApplicationContext : Root WebApplicationContext: initialization completed in 1405 ms
2024-02-03T16:57:19.266Z  INFO 4831 --- [    Test worker] o.s.b.w.embedded.tomcat.TomcatWebServer  : Tomcat started on port(s): 39085 (http) with context path ''
2024-02-03T16:57:19.287Z  INFO 4831 --- [    Test worker] e.cashcard.CashCardApplicationTests      : Started CashCardApplicationTests in 2.336 seconds (process running for 3.802)
2024-02-03T16:57:20.545Z  INFO 4831 --- [o-auto-1-exec-1] o.a.c.c.C.[Tomcat].[localhost].[/]       : Initializing Spring DispatcherServlet 'dispatcherServlet'
2024-02-03T16:57:20.546Z  INFO 4831 --- [o-auto-1-exec-1] o.s.web.servlet.DispatcherServlet        : Initializing Servlet 'dispatcherServlet'
2024-02-03T16:57:20.547Z  INFO 4831 --- [o-auto-1-exec-1] o.s.web.servlet.DispatcherServlet        : Completed initialization in 0 ms
]]></system-out>
  <system-err><![CDATA[]]></system-err>
</testsuite>
