<?xml version="1.0" encoding="UTF-8"?>
<testsuite name="example.cashcard.CashCardApplicationTests" tests="1" skipped="0" failures="0" errors="0" timestamp="2024-01-27T22:33:43" hostname="spring-academy-boot-developer-w899-s1263-77bf4bd97b-qfjcp" time="0.002">
  <properties/>
  <testcase name="contextLoads()" classname="example.cashcard.CashCardApplicationTests" time="0.002"/>
  <system-out><![CDATA[2024-01-27T22:33:42.977Z  INFO 13181 --- [    Test worker] t.c.s.AnnotationConfigContextLoaderUtils : Could not detect default configuration classes for test class [example.cashcard.CashCardApplicationTests]: CashCardApplicationTests does not declare any static, non-private, non-final, nested classes annotated with @Configuration.
2024-01-27T22:33:42.979Z  INFO 13181 --- [    Test worker] .b.t.c.SpringBootTestContextBootstrapper : Found @SpringBootConfiguration example.cashcard.CashCardApplication for test class example.cashcard.CashCardApplicationTests

  .   ____          _            __ _ _
 /\\ / ___'_ __ _ _(_)_ __  __ _ \ \ \ \
( ( )\___ | '_ | '_| | '_ \/ _` | \ \ \ \
 \\/  ___)| |_)| | | | | || (_| |  ) ) ) )
  '  |____| .__|_| |_|_| |_\__, | / / / /
 =========|_|==============|___/=/_/_/_/
 :: Spring Boot ::                (v3.1.4)

2024-01-27T22:33:43.003Z  INFO 13181 --- [    Test worker] e.cashcard.CashCardApplicationTests      : Starting CashCardApplicationTests using Java 17.0.7 with PID 13181 (started by eduk8s in /home/eduk8s/exercises)
2024-01-27T22:33:43.003Z  INFO 13181 --- [    Test worker] e.cashcard.CashCardApplicationTests      : No active profile set, falling back to 1 default profile: "default"
2024-01-27T22:33:43.362Z  INFO 13181 --- [    Test worker] e.cashcard.CashCardApplicationTests      : Started CashCardApplicationTests in 0.377 seconds (process running for 2.061)
]]></system-out>
  <system-err><![CDATA[]]></system-err>
</testsuite>
