<?xml version="1.0" encoding="UTF-8"?>
<testsuite name="example.cashcard.CashCardApplicationTests" tests="7" skipped="0" failures="0" errors="0" timestamp="2024-02-04T03:03:39" hostname="codespaces-31b204" time="3.888">
  <properties/>
  <testcase name="shouldReturnASortedPageOfCashCards()" classname="example.cashcard.CashCardApplicationTests" time="1.796"/>
  <testcase name="shouldReturnACashCardWhenDataIsSaved()" classname="example.cashcard.CashCardApplicationTests" time="0.116"/>
  <testcase name="shouldCreateANewCashCard()" classname="example.cashcard.CashCardApplicationTests" time="0.533"/>
  <testcase name="shouldReturnAPageOfCashCards()" classname="example.cashcard.CashCardApplicationTests" time="0.198"/>
  <testcase name="shouldReturnAllCashCardsWhenListIsRequested()" classname="example.cashcard.CashCardApplicationTests" time="0.116"/>
  <testcase name="shouldReturnASortedPageOfCashCardsWithNoParametersAndUseDefaultValues()" classname="example.cashcard.CashCardApplicationTests" time="0.088"/>
  <testcase name="shouldNotReturnACashCardWithAnUnknownId()" classname="example.cashcard.CashCardApplicationTests" time="0.131"/>
  <system-out><![CDATA[03:03:34.843 [Test worker] INFO org.springframework.test.context.support.AnnotationConfigContextLoaderUtils -- Could not detect default configuration classes for test class [example.cashcard.CashCardApplicationTests]: CashCardApplicationTests does not declare any static, non-private, non-final, nested classes annotated with @Configuration.
03:03:35.000 [Test worker] INFO org.springframework.boot.test.context.SpringBootTestContextBootstrapper -- Found @SpringBootConfiguration example.cashcard.CashCardApplication for test class example.cashcard.CashCardApplicationTests

  .   ____          _            __ _ _
 /\\ / ___'_ __ _ _(_)_ __  __ _ \ \ \ \
( ( )\___ | '_ | '_| | '_ \/ _` | \ \ \ \
 \\/  ___)| |_)| | | | | || (_| |  ) ) ) )
  '  |____| .__|_| |_|_| |_\__, | / / / /
 =========|_|==============|___/=/_/_/_/
 :: Spring Boot ::       (v3.1.9-SNAPSHOT)

2024-02-04T03:03:35.638Z  INFO 26283 --- [    Test worker] e.cashcard.CashCardApplicationTests      : Starting CashCardApplicationTests using Java 17.0.9 with PID 26283 (started by codespace in /workspaces/springboot-demo)
2024-02-04T03:03:35.641Z  INFO 26283 --- [    Test worker] e.cashcard.CashCardApplicationTests      : No active profile set, falling back to 1 default profile: "default"
2024-02-04T03:03:36.671Z  INFO 26283 --- [    Test worker] .s.d.r.c.RepositoryConfigurationDelegate : Bootstrapping Spring Data JDBC repositories in DEFAULT mode.
2024-02-04T03:03:36.726Z  INFO 26283 --- [    Test worker] .s.d.r.c.RepositoryConfigurationDelegate : Finished Spring Data repository scanning in 50 ms. Found 1 JDBC repository interface.
2024-02-04T03:03:37.632Z  INFO 26283 --- [    Test worker] o.s.b.w.embedded.tomcat.TomcatWebServer  : Tomcat initialized with port(s): 0 (http)
2024-02-04T03:03:37.648Z  INFO 26283 --- [    Test worker] o.apache.catalina.core.StandardService   : Starting service [Tomcat]
2024-02-04T03:03:37.651Z  INFO 26283 --- [    Test worker] o.apache.catalina.core.StandardEngine    : Starting Servlet engine: [Apache Tomcat/10.1.18]
2024-02-04T03:03:37.820Z  INFO 26283 --- [    Test worker] o.a.c.c.C.[Tomcat].[localhost].[/]       : Initializing Spring embedded WebApplicationContext
2024-02-04T03:03:37.822Z  INFO 26283 --- [    Test worker] w.s.c.ServletWebServerApplicationContext : Root WebApplicationContext: initialization completed in 2132 ms
2024-02-04T03:03:37.968Z  INFO 26283 --- [    Test worker] o.s.j.d.e.EmbeddedDatabaseFactory        : Starting embedded database: url='jdbc:h2:mem:b52a6ec3-19c3-4d9d-9469-b1c8063a42ed;DB_CLOSE_DELAY=-1;DB_CLOSE_ON_EXIT=false', username='sa'
2024-02-04T03:03:39.157Z  INFO 26283 --- [    Test worker] o.s.s.web.DefaultSecurityFilterChain     : Will secure any request with [org.springframework.security.web.session.DisableEncodeUrlFilter@628962e5, org.springframework.security.web.context.request.async.WebAsyncManagerIntegrationFilter@410382cb, org.springframework.security.web.context.SecurityContextHolderFilter@4b32465, org.springframework.security.web.header.HeaderWriterFilter@1760e594, org.springframework.security.web.authentication.logout.LogoutFilter@1de85972, org.springframework.security.web.authentication.www.BasicAuthenticationFilter@70485aa, org.springframework.security.web.savedrequest.RequestCacheAwareFilter@66b6873f, org.springframework.security.web.servletapi.SecurityContextHolderAwareRequestFilter@70139a81, org.springframework.security.web.authentication.AnonymousAuthenticationFilter@399f5daf, org.springframework.security.web.access.ExceptionTranslationFilter@1179fc8c, org.springframework.security.web.access.intercept.AuthorizationFilter@1dca62c2]
2024-02-04T03:03:39.387Z  INFO 26283 --- [    Test worker] o.s.b.w.embedded.tomcat.TomcatWebServer  : Tomcat started on port(s): 43709 (http) with context path ''
2024-02-04T03:03:39.402Z  INFO 26283 --- [    Test worker] e.cashcard.CashCardApplicationTests      : Started CashCardApplicationTests in 4.232 seconds (process running for 5.921)
2024-02-04T03:03:40.417Z  INFO 26283 --- [o-auto-1-exec-1] o.a.c.c.C.[Tomcat].[localhost].[/]       : Initializing Spring DispatcherServlet 'dispatcherServlet'
2024-02-04T03:03:40.417Z  INFO 26283 --- [o-auto-1-exec-1] o.s.web.servlet.DispatcherServlet        : Initializing Servlet 'dispatcherServlet'
2024-02-04T03:03:40.422Z  INFO 26283 --- [o-auto-1-exec-1] o.s.web.servlet.DispatcherServlet        : Completed initialization in 1 ms
2024-02-04T03:03:41.632Z  INFO 26283 --- [    Test worker] o.apache.catalina.core.StandardService   : Stopping service [Tomcat]
2024-02-04T03:03:41.635Z  INFO 26283 --- [    Test worker] o.a.c.c.C.[Tomcat].[localhost].[/]       : Destroying Spring FrameworkServlet 'dispatcherServlet'
2024-02-04T03:03:41.650Z  INFO 26283 --- [    Test worker] o.s.j.d.e.EmbeddedDatabaseFactory        : Shutting down embedded database: url='jdbc:h2:mem:b52a6ec3-19c3-4d9d-9469-b1c8063a42ed;DB_CLOSE_DELAY=-1;DB_CLOSE_ON_EXIT=false'

  .   ____          _            __ _ _
 /\\ / ___'_ __ _ _(_)_ __  __ _ \ \ \ \
( ( )\___ | '_ | '_| | '_ \/ _` | \ \ \ \
 \\/  ___)| |_)| | | | | || (_| |  ) ) ) )
  '  |____| .__|_| |_|_| |_\__, | / / / /
 =========|_|==============|___/=/_/_/_/
 :: Spring Boot ::       (v3.1.9-SNAPSHOT)

2024-02-04T03:03:41.914Z  INFO 26283 --- [    Test worker] e.cashcard.CashCardApplicationTests      : Starting CashCardApplicationTests using Java 17.0.9 with PID 26283 (started by codespace in /workspaces/springboot-demo)
2024-02-04T03:03:41.915Z  INFO 26283 --- [    Test worker] e.cashcard.CashCardApplicationTests      : No active profile set, falling back to 1 default profile: "default"
2024-02-04T03:03:42.107Z  INFO 26283 --- [    Test worker] .s.d.r.c.RepositoryConfigurationDelegate : Bootstrapping Spring Data JDBC repositories in DEFAULT mode.
2024-02-04T03:03:42.122Z  INFO 26283 --- [    Test worker] .s.d.r.c.RepositoryConfigurationDelegate : Finished Spring Data repository scanning in 13 ms. Found 1 JDBC repository interface.
2024-02-04T03:03:42.278Z  INFO 26283 --- [    Test worker] o.s.b.w.embedded.tomcat.TomcatWebServer  : Tomcat initialized with port(s): 0 (http)
2024-02-04T03:03:42.279Z  INFO 26283 --- [    Test worker] o.apache.catalina.core.StandardService   : Starting service [Tomcat]
2024-02-04T03:03:42.280Z  INFO 26283 --- [    Test worker] o.apache.catalina.core.StandardEngine    : Starting Servlet engine: [Apache Tomcat/10.1.18]
2024-02-04T03:03:42.315Z  INFO 26283 --- [    Test worker] o.a.c.c.C.[Tomcat].[localhost].[/]       : Initializing Spring embedded WebApplicationContext
2024-02-04T03:03:42.328Z  INFO 26283 --- [    Test worker] w.s.c.ServletWebServerApplicationContext : Root WebApplicationContext: initialization completed in 411 ms
2024-02-04T03:03:42.369Z  INFO 26283 --- [    Test worker] o.s.j.d.e.EmbeddedDatabaseFactory        : Starting embedded database: url='jdbc:h2:mem:a039c704-1500-477b-a9f9-c042a96e7a9b;DB_CLOSE_DELAY=-1;DB_CLOSE_ON_EXIT=false', username='sa'
2024-02-04T03:03:42.637Z  INFO 26283 --- [    Test worker] o.s.s.web.DefaultSecurityFilterChain     : Will secure any request with [org.springframework.security.web.session.DisableEncodeUrlFilter@20a116a0, org.springframework.security.web.context.request.async.WebAsyncManagerIntegrationFilter@6dbdeb69, org.springframework.security.web.context.SecurityContextHolderFilter@c31419f, org.springframework.security.web.header.HeaderWriterFilter@210e2f2f, org.springframework.security.web.authentication.logout.LogoutFilter@745c8a04, org.springframework.security.web.authentication.www.BasicAuthenticationFilter@303db609, org.springframework.security.web.savedrequest.RequestCacheAwareFilter@43dddfdd, org.springframework.security.web.servletapi.SecurityContextHolderAwareRequestFilter@22c0344e, org.springframework.security.web.authentication.AnonymousAuthenticationFilter@a238a8e, org.springframework.security.web.access.ExceptionTranslationFilter@7cc3a7f7, org.springframework.security.web.access.intercept.AuthorizationFilter@7a13ad55]
2024-02-04T03:03:42.755Z  INFO 26283 --- [    Test worker] o.s.b.w.embedded.tomcat.TomcatWebServer  : Tomcat started on port(s): 42471 (http) with context path ''
2024-02-04T03:03:42.760Z  INFO 26283 --- [    Test worker] e.cashcard.CashCardApplicationTests      : Started CashCardApplicationTests in 0.887 seconds (process running for 9.279)
2024-02-04T03:03:42.774Z  INFO 26283 --- [o-auto-2-exec-1] o.a.c.c.C.[Tomcat].[localhost].[/]       : Initializing Spring DispatcherServlet 'dispatcherServlet'
2024-02-04T03:03:42.775Z  INFO 26283 --- [o-auto-2-exec-1] o.s.web.servlet.DispatcherServlet        : Initializing Servlet 'dispatcherServlet'
2024-02-04T03:03:42.775Z  INFO 26283 --- [o-auto-2-exec-1] o.s.web.servlet.DispatcherServlet        : Completed initialization in 0 ms
]]></system-out>
  <system-err><![CDATA[]]></system-err>
</testsuite>
