<?xml version="1.0" encoding="UTF-8"?>
<testsuite name="example.cashcard.CashCardApplicationTests" tests="13" skipped="0" failures="0" errors="0" timestamp="2024-02-04T19:25:08" hostname="codespaces-31b204" time="6.3">
  <properties/>
  <testcase name="shouldReturnASortedPageOfCashCards()" classname="example.cashcard.CashCardApplicationTests" time="1.78"/>
  <testcase name="shouldNotAllowAccessToCashCardsTheyDoNotOwn()" classname="example.cashcard.CashCardApplicationTests" time="0.134"/>
  <testcase name="shouldNotUpdateACashCardThatIsOwnedBySomeoneElse()" classname="example.cashcard.CashCardApplicationTests" time="0.149"/>
  <testcase name="shouldReturnACashCardWhenDataIsSaved()" classname="example.cashcard.CashCardApplicationTests" time="0.105"/>
  <testcase name="shouldCreateANewCashCard()" classname="example.cashcard.CashCardApplicationTests" time="0.705"/>
  <testcase name="shouldRejectUsersWhoAreNotCardOwners()" classname="example.cashcard.CashCardApplicationTests" time="0.184"/>
  <testcase name="shouldReturnAPageOfCashCards()" classname="example.cashcard.CashCardApplicationTests" time="0.106"/>
  <testcase name="shouldUpdateAnExistingCashCard()" classname="example.cashcard.CashCardApplicationTests" time="0.468"/>
  <testcase name="shouldNotUpdateACashCardThatDoesNotExist()" classname="example.cashcard.CashCardApplicationTests" time="0.185"/>
  <testcase name="shouldNotReturnACashCardWhenUsingBadCredentials()" classname="example.cashcard.CashCardApplicationTests" time="0.2"/>
  <testcase name="shouldReturnAllCashCardsWhenListIsRequested()" classname="example.cashcard.CashCardApplicationTests" time="0.172"/>
  <testcase name="shouldReturnASortedPageOfCashCardsWithNoParametersAndUseDefaultValues()" classname="example.cashcard.CashCardApplicationTests" time="0.182"/>
  <testcase name="shouldNotReturnACashCardWithAnUnknownId()" classname="example.cashcard.CashCardApplicationTests" time="0.155"/>
  <system-out><![CDATA[19:25:04.206 [Test worker] INFO org.springframework.test.context.support.AnnotationConfigContextLoaderUtils -- Could not detect default configuration classes for test class [example.cashcard.CashCardApplicationTests]: CashCardApplicationTests does not declare any static, non-private, non-final, nested classes annotated with @Configuration.
19:25:04.367 [Test worker] INFO org.springframework.boot.test.context.SpringBootTestContextBootstrapper -- Found @SpringBootConfiguration example.cashcard.CashCardApplication for test class example.cashcard.CashCardApplicationTests

  .   ____          _            __ _ _
 /\\ / ___'_ __ _ _(_)_ __  __ _ \ \ \ \
( ( )\___ | '_ | '_| | '_ \/ _` | \ \ \ \
 \\/  ___)| |_)| | | | | || (_| |  ) ) ) )
  '  |____| .__|_| |_|_| |_\__, | / / / /
 =========|_|==============|___/=/_/_/_/
 :: Spring Boot ::       (v3.1.9-SNAPSHOT)

2024-02-04T19:25:05.064Z  INFO 19685 --- [    Test worker] e.cashcard.CashCardApplicationTests      : Starting CashCardApplicationTests using Java 17.0.9 with PID 19685 (started by codespace in /workspaces/springboot-demo)
2024-02-04T19:25:05.069Z  INFO 19685 --- [    Test worker] e.cashcard.CashCardApplicationTests      : No active profile set, falling back to 1 default profile: "default"
2024-02-04T19:25:06.055Z  INFO 19685 --- [    Test worker] .s.d.r.c.RepositoryConfigurationDelegate : Bootstrapping Spring Data JDBC repositories in DEFAULT mode.
2024-02-04T19:25:06.111Z  INFO 19685 --- [    Test worker] .s.d.r.c.RepositoryConfigurationDelegate : Finished Spring Data repository scanning in 52 ms. Found 1 JDBC repository interface.
2024-02-04T19:25:06.790Z  INFO 19685 --- [    Test worker] o.s.b.w.embedded.tomcat.TomcatWebServer  : Tomcat initialized with port(s): 0 (http)
2024-02-04T19:25:06.801Z  INFO 19685 --- [    Test worker] o.apache.catalina.core.StandardService   : Starting service [Tomcat]
2024-02-04T19:25:06.803Z  INFO 19685 --- [    Test worker] o.apache.catalina.core.StandardEngine    : Starting Servlet engine: [Apache Tomcat/10.1.18]
2024-02-04T19:25:06.943Z  INFO 19685 --- [    Test worker] o.a.c.c.C.[Tomcat].[localhost].[/]       : Initializing Spring embedded WebApplicationContext
2024-02-04T19:25:06.952Z  INFO 19685 --- [    Test worker] w.s.c.ServletWebServerApplicationContext : Root WebApplicationContext: initialization completed in 1831 ms
2024-02-04T19:25:07.076Z  INFO 19685 --- [    Test worker] o.s.j.d.e.EmbeddedDatabaseFactory        : Starting embedded database: url='jdbc:h2:mem:b1826a53-9733-402f-98f8-c514574f4bf2;DB_CLOSE_DELAY=-1;DB_CLOSE_ON_EXIT=false', username='sa'
2024-02-04T19:25:08.314Z  INFO 19685 --- [    Test worker] o.s.s.web.DefaultSecurityFilterChain     : Will secure any request with [org.springframework.security.web.session.DisableEncodeUrlFilter@8f4b803, org.springframework.security.web.context.request.async.WebAsyncManagerIntegrationFilter@42f9873e, org.springframework.security.web.context.SecurityContextHolderFilter@4df0d9f8, org.springframework.security.web.header.HeaderWriterFilter@34e990cc, org.springframework.security.web.authentication.logout.LogoutFilter@48106381, org.springframework.security.web.authentication.www.BasicAuthenticationFilter@38929da, org.springframework.security.web.savedrequest.RequestCacheAwareFilter@4f7bb8df, org.springframework.security.web.servletapi.SecurityContextHolderAwareRequestFilter@70543cae, org.springframework.security.web.authentication.AnonymousAuthenticationFilter@18483b8b, org.springframework.security.web.access.ExceptionTranslationFilter@1533338c, org.springframework.security.web.access.intercept.AuthorizationFilter@126a9a3d]
2024-02-04T19:25:08.522Z  INFO 19685 --- [    Test worker] o.s.b.w.embedded.tomcat.TomcatWebServer  : Tomcat started on port(s): 45263 (http) with context path ''
2024-02-04T19:25:08.537Z  INFO 19685 --- [    Test worker] e.cashcard.CashCardApplicationTests      : Started CashCardApplicationTests in 3.966 seconds (process running for 5.427)
2024-02-04T19:25:09.868Z  INFO 19685 --- [o-auto-1-exec-1] o.a.c.c.C.[Tomcat].[localhost].[/]       : Initializing Spring DispatcherServlet 'dispatcherServlet'
2024-02-04T19:25:09.868Z  INFO 19685 --- [o-auto-1-exec-1] o.s.web.servlet.DispatcherServlet        : Initializing Servlet 'dispatcherServlet'
2024-02-04T19:25:09.872Z  INFO 19685 --- [o-auto-1-exec-1] o.s.web.servlet.DispatcherServlet        : Completed initialization in 1 ms
2024-02-04T19:25:11.201Z  INFO 19685 --- [    Test worker] o.apache.catalina.core.StandardService   : Stopping service [Tomcat]
2024-02-04T19:25:11.204Z  INFO 19685 --- [    Test worker] o.a.c.c.C.[Tomcat].[localhost].[/]       : Destroying Spring FrameworkServlet 'dispatcherServlet'
2024-02-04T19:25:11.226Z  INFO 19685 --- [    Test worker] o.s.j.d.e.EmbeddedDatabaseFactory        : Shutting down embedded database: url='jdbc:h2:mem:b1826a53-9733-402f-98f8-c514574f4bf2;DB_CLOSE_DELAY=-1;DB_CLOSE_ON_EXIT=false'

  .   ____          _            __ _ _
 /\\ / ___'_ __ _ _(_)_ __  __ _ \ \ \ \
( ( )\___ | '_ | '_| | '_ \/ _` | \ \ \ \
 \\/  ___)| |_)| | | | | || (_| |  ) ) ) )
  '  |____| .__|_| |_|_| |_\__, | / / / /
 =========|_|==============|___/=/_/_/_/
 :: Spring Boot ::       (v3.1.9-SNAPSHOT)

2024-02-04T19:25:11.489Z  INFO 19685 --- [    Test worker] e.cashcard.CashCardApplicationTests      : Starting CashCardApplicationTests using Java 17.0.9 with PID 19685 (started by codespace in /workspaces/springboot-demo)
2024-02-04T19:25:11.489Z  INFO 19685 --- [    Test worker] e.cashcard.CashCardApplicationTests      : No active profile set, falling back to 1 default profile: "default"
2024-02-04T19:25:11.739Z  INFO 19685 --- [    Test worker] .s.d.r.c.RepositoryConfigurationDelegate : Bootstrapping Spring Data JDBC repositories in DEFAULT mode.
2024-02-04T19:25:11.748Z  INFO 19685 --- [    Test worker] .s.d.r.c.RepositoryConfigurationDelegate : Finished Spring Data repository scanning in 8 ms. Found 1 JDBC repository interface.
2024-02-04T19:25:11.941Z  INFO 19685 --- [    Test worker] o.s.b.w.embedded.tomcat.TomcatWebServer  : Tomcat initialized with port(s): 0 (http)
2024-02-04T19:25:11.942Z  INFO 19685 --- [    Test worker] o.apache.catalina.core.StandardService   : Starting service [Tomcat]
2024-02-04T19:25:11.948Z  INFO 19685 --- [    Test worker] o.apache.catalina.core.StandardEngine    : Starting Servlet engine: [Apache Tomcat/10.1.18]
2024-02-04T19:25:11.982Z  INFO 19685 --- [    Test worker] o.a.c.c.C.[Tomcat].[localhost].[/]       : Initializing Spring embedded WebApplicationContext
2024-02-04T19:25:11.986Z  INFO 19685 --- [    Test worker] w.s.c.ServletWebServerApplicationContext : Root WebApplicationContext: initialization completed in 491 ms
2024-02-04T19:25:12.024Z  INFO 19685 --- [    Test worker] o.s.j.d.e.EmbeddedDatabaseFactory        : Starting embedded database: url='jdbc:h2:mem:53ee11cb-2247-4648-a24f-f08c149a6d07;DB_CLOSE_DELAY=-1;DB_CLOSE_ON_EXIT=false', username='sa'
2024-02-04T19:25:12.360Z  INFO 19685 --- [    Test worker] o.s.s.web.DefaultSecurityFilterChain     : Will secure any request with [org.springframework.security.web.session.DisableEncodeUrlFilter@655f92a1, org.springframework.security.web.context.request.async.WebAsyncManagerIntegrationFilter@1d2d793d, org.springframework.security.web.context.SecurityContextHolderFilter@1c25deb0, org.springframework.security.web.header.HeaderWriterFilter@57ed8f95, org.springframework.security.web.authentication.logout.LogoutFilter@6fe337a5, org.springframework.security.web.authentication.www.BasicAuthenticationFilter@13f7c165, org.springframework.security.web.savedrequest.RequestCacheAwareFilter@1be12e05, org.springframework.security.web.servletapi.SecurityContextHolderAwareRequestFilter@66ab088c, org.springframework.security.web.authentication.AnonymousAuthenticationFilter@57fec63f, org.springframework.security.web.access.ExceptionTranslationFilter@58e4aa67, org.springframework.security.web.access.intercept.AuthorizationFilter@43312512]
2024-02-04T19:25:12.431Z  INFO 19685 --- [    Test worker] o.s.b.w.embedded.tomcat.TomcatWebServer  : Tomcat started on port(s): 44437 (http) with context path ''
2024-02-04T19:25:12.455Z  INFO 19685 --- [    Test worker] e.cashcard.CashCardApplicationTests      : Started CashCardApplicationTests in 1.021 seconds (process running for 9.344)
2024-02-04T19:25:12.464Z  INFO 19685 --- [o-auto-2-exec-1] o.a.c.c.C.[Tomcat].[localhost].[/]       : Initializing Spring DispatcherServlet 'dispatcherServlet'
2024-02-04T19:25:12.464Z  INFO 19685 --- [o-auto-2-exec-1] o.s.web.servlet.DispatcherServlet        : Initializing Servlet 'dispatcherServlet'
2024-02-04T19:25:12.464Z  INFO 19685 --- [o-auto-2-exec-1] o.s.web.servlet.DispatcherServlet        : Completed initialization in 0 ms
2024-02-04T19:25:13.001Z  INFO 19685 --- [    Test worker] o.apache.catalina.core.StandardService   : Stopping service [Tomcat]
2024-02-04T19:25:13.002Z  INFO 19685 --- [    Test worker] o.a.c.c.C.[Tomcat].[localhost].[/]       : Destroying Spring FrameworkServlet 'dispatcherServlet'
2024-02-04T19:25:13.008Z  INFO 19685 --- [    Test worker] o.s.j.d.e.EmbeddedDatabaseFactory        : Shutting down embedded database: url='jdbc:h2:mem:53ee11cb-2247-4648-a24f-f08c149a6d07;DB_CLOSE_DELAY=-1;DB_CLOSE_ON_EXIT=false'

  .   ____          _            __ _ _
 /\\ / ___'_ __ _ _(_)_ __  __ _ \ \ \ \
( ( )\___ | '_ | '_| | '_ \/ _` | \ \ \ \
 \\/  ___)| |_)| | | | | || (_| |  ) ) ) )
  '  |____| .__|_| |_|_| |_\__, | / / / /
 =========|_|==============|___/=/_/_/_/
 :: Spring Boot ::       (v3.1.9-SNAPSHOT)

2024-02-04T19:25:13.293Z  INFO 19685 --- [    Test worker] e.cashcard.CashCardApplicationTests      : Starting CashCardApplicationTests using Java 17.0.9 with PID 19685 (started by codespace in /workspaces/springboot-demo)
2024-02-04T19:25:13.293Z  INFO 19685 --- [    Test worker] e.cashcard.CashCardApplicationTests      : No active profile set, falling back to 1 default profile: "default"
2024-02-04T19:25:13.451Z  INFO 19685 --- [    Test worker] .s.d.r.c.RepositoryConfigurationDelegate : Bootstrapping Spring Data JDBC repositories in DEFAULT mode.
2024-02-04T19:25:13.457Z  INFO 19685 --- [    Test worker] .s.d.r.c.RepositoryConfigurationDelegate : Finished Spring Data repository scanning in 4 ms. Found 1 JDBC repository interface.
2024-02-04T19:25:13.518Z  INFO 19685 --- [    Test worker] o.s.b.w.embedded.tomcat.TomcatWebServer  : Tomcat initialized with port(s): 0 (http)
2024-02-04T19:25:13.519Z  INFO 19685 --- [    Test worker] o.apache.catalina.core.StandardService   : Starting service [Tomcat]
2024-02-04T19:25:13.521Z  INFO 19685 --- [    Test worker] o.apache.catalina.core.StandardEngine    : Starting Servlet engine: [Apache Tomcat/10.1.18]
2024-02-04T19:25:13.543Z  INFO 19685 --- [    Test worker] o.a.c.c.C.[Tomcat].[localhost].[/]       : Initializing Spring embedded WebApplicationContext
2024-02-04T19:25:13.547Z  INFO 19685 --- [    Test worker] w.s.c.ServletWebServerApplicationContext : Root WebApplicationContext: initialization completed in 248 ms
2024-02-04T19:25:13.598Z  INFO 19685 --- [    Test worker] o.s.j.d.e.EmbeddedDatabaseFactory        : Starting embedded database: url='jdbc:h2:mem:80125b6a-9523-4890-ab71-2b58e01a90b1;DB_CLOSE_DELAY=-1;DB_CLOSE_ON_EXIT=false', username='sa'
2024-02-04T19:25:13.860Z  INFO 19685 --- [    Test worker] o.s.s.web.DefaultSecurityFilterChain     : Will secure any request with [org.springframework.security.web.session.DisableEncodeUrlFilter@b0c4905, org.springframework.security.web.context.request.async.WebAsyncManagerIntegrationFilter@7d3a2459, org.springframework.security.web.context.SecurityContextHolderFilter@490704a5, org.springframework.security.web.header.HeaderWriterFilter@2559f65c, org.springframework.security.web.authentication.logout.LogoutFilter@5f1c406e, org.springframework.security.web.authentication.www.BasicAuthenticationFilter@362e709e, org.springframework.security.web.savedrequest.RequestCacheAwareFilter@4d682397, org.springframework.security.web.servletapi.SecurityContextHolderAwareRequestFilter@444ebefd, org.springframework.security.web.authentication.AnonymousAuthenticationFilter@7d5cbcc9, org.springframework.security.web.access.ExceptionTranslationFilter@2bf45b7c, org.springframework.security.web.access.intercept.AuthorizationFilter@62ec4146]
2024-02-04T19:25:13.916Z  INFO 19685 --- [    Test worker] o.s.b.w.embedded.tomcat.TomcatWebServer  : Tomcat started on port(s): 43231 (http) with context path ''
2024-02-04T19:25:13.920Z  INFO 19685 --- [    Test worker] e.cashcard.CashCardApplicationTests      : Started CashCardApplicationTests in 0.697 seconds (process running for 10.809)
2024-02-04T19:25:13.930Z  INFO 19685 --- [o-auto-3-exec-1] o.a.c.c.C.[Tomcat].[localhost].[/]       : Initializing Spring DispatcherServlet 'dispatcherServlet'
2024-02-04T19:25:13.930Z  INFO 19685 --- [o-auto-3-exec-1] o.s.web.servlet.DispatcherServlet        : Initializing Servlet 'dispatcherServlet'
2024-02-04T19:25:13.931Z  INFO 19685 --- [o-auto-3-exec-1] o.s.web.servlet.DispatcherServlet        : Completed initialization in 1 ms
]]></system-out>
  <system-err><![CDATA[]]></system-err>
</testsuite>
