<?xml version="1.0" encoding="UTF-8"?>
<testsuite name="example.cashcard.CashCardApplicationTests" tests="3" skipped="0" failures="0" errors="0" timestamp="2024-02-03T21:22:33" hostname="codespaces-31b204" time="1.462">
  <properties/>
  <testcase name="shouldReturnACashCardWhenDataIsSaved()" classname="example.cashcard.CashCardApplicationTests" time="1.325"/>
  <testcase name="shouldCreateANewCashCard()" classname="example.cashcard.CashCardApplicationTests" time="0.115"/>
  <testcase name="shouldNotReturnACashCardWithAnUnknownId()" classname="example.cashcard.CashCardApplicationTests" time="0.016"/>
  <system-out><![CDATA[21:22:29.409 [Test worker] INFO org.springframework.test.context.support.AnnotationConfigContextLoaderUtils -- Could not detect default configuration classes for test class [example.cashcard.CashCardApplicationTests]: CashCardApplicationTests does not declare any static, non-private, non-final, nested classes annotated with @Configuration.
21:22:29.576 [Test worker] INFO org.springframework.boot.test.context.SpringBootTestContextBootstrapper -- Found @SpringBootConfiguration example.cashcard.CashCardApplication for test class example.cashcard.CashCardApplicationTests

  .   ____          _            __ _ _
 /\\ / ___'_ __ _ _(_)_ __  __ _ \ \ \ \
( ( )\___ | '_ | '_| | '_ \/ _` | \ \ \ \
 \\/  ___)| |_)| | | | | || (_| |  ) ) ) )
  '  |____| .__|_| |_|_| |_\__, | / / / /
 =========|_|==============|___/=/_/_/_/
 :: Spring Boot ::       (v3.1.9-SNAPSHOT)

2024-02-03T21:22:30.404Z  INFO 13331 --- [    Test worker] e.cashcard.CashCardApplicationTests      : Starting CashCardApplicationTests using Java 17.0.9 with PID 13331 (started by codespace in /workspaces/springboot-demo)
2024-02-03T21:22:30.410Z  INFO 13331 --- [    Test worker] e.cashcard.CashCardApplicationTests      : No active profile set, falling back to 1 default profile: "default"
2024-02-03T21:22:31.204Z  INFO 13331 --- [    Test worker] .s.d.r.c.RepositoryConfigurationDelegate : Bootstrapping Spring Data JDBC repositories in DEFAULT mode.
2024-02-03T21:22:31.246Z  INFO 13331 --- [    Test worker] .s.d.r.c.RepositoryConfigurationDelegate : Finished Spring Data repository scanning in 37 ms. Found 1 JDBC repository interface.
2024-02-03T21:22:32.015Z  INFO 13331 --- [    Test worker] o.s.b.w.embedded.tomcat.TomcatWebServer  : Tomcat initialized with port(s): 0 (http)
2024-02-03T21:22:32.038Z  INFO 13331 --- [    Test worker] o.apache.catalina.core.StandardService   : Starting service [Tomcat]
2024-02-03T21:22:32.044Z  INFO 13331 --- [    Test worker] o.apache.catalina.core.StandardEngine    : Starting Servlet engine: [Apache Tomcat/10.1.18]
2024-02-03T21:22:32.187Z  INFO 13331 --- [    Test worker] o.a.c.c.C.[Tomcat].[localhost].[/]       : Initializing Spring embedded WebApplicationContext
2024-02-03T21:22:32.189Z  INFO 13331 --- [    Test worker] w.s.c.ServletWebServerApplicationContext : Root WebApplicationContext: initialization completed in 1739 ms
2024-02-03T21:22:32.275Z  INFO 13331 --- [    Test worker] o.s.j.d.e.EmbeddedDatabaseFactory        : Starting embedded database: url='jdbc:h2:mem:acdfd2ee-03af-47cf-a56b-a309da3ca2a1;DB_CLOSE_DELAY=-1;DB_CLOSE_ON_EXIT=false', username='sa'
2024-02-03T21:22:33.248Z  INFO 13331 --- [    Test worker] o.s.b.w.embedded.tomcat.TomcatWebServer  : Tomcat started on port(s): 43499 (http) with context path ''
2024-02-03T21:22:33.262Z  INFO 13331 --- [    Test worker] e.cashcard.CashCardApplicationTests      : Started CashCardApplicationTests in 3.471 seconds (process running for 5.426)
2024-02-03T21:22:34.296Z  INFO 13331 --- [o-auto-1-exec-1] o.a.c.c.C.[Tomcat].[localhost].[/]       : Initializing Spring DispatcherServlet 'dispatcherServlet'
2024-02-03T21:22:34.297Z  INFO 13331 --- [o-auto-1-exec-1] o.s.web.servlet.DispatcherServlet        : Initializing Servlet 'dispatcherServlet'
2024-02-03T21:22:34.298Z  INFO 13331 --- [o-auto-1-exec-1] o.s.web.servlet.DispatcherServlet        : Completed initialization in 1 ms
]]></system-out>
  <system-err><![CDATA[]]></system-err>
</testsuite>
