<?xml version="1.0" encoding="UTF-8"?>
<testsuite name="example.cashcard.CashCardJsonTest" tests="4" skipped="0" failures="0" errors="0" timestamp="2024-02-04T03:23:26" hostname="codespaces-31b204" time="0.056">
  <properties/>
  <testcase name="cashCardSerializationTest()" classname="example.cashcard.CashCardJsonTest" time="0.03"/>
  <testcase name="cashCardDeserializationTest()" classname="example.cashcard.CashCardJsonTest" time="0.008"/>
  <testcase name="cashCardListSerializationTest()" classname="example.cashcard.CashCardJsonTest" time="0.008"/>
  <testcase name="cashCardListDeserializationTest()" classname="example.cashcard.CashCardJsonTest" time="0.003"/>
  <system-out><![CDATA[2024-02-04T03:23:26.084Z  INFO 39718 --- [    Test worker] t.c.s.AnnotationConfigContextLoaderUtils : Could not detect default configuration classes for test class [example.cashcard.CashCardJsonTest]: CashCardJsonTest does not declare any static, non-private, non-final, nested classes annotated with @Configuration.
2024-02-04T03:23:26.097Z  INFO 39718 --- [    Test worker] .b.t.c.SpringBootTestContextBootstrapper : Found @SpringBootConfiguration example.cashcard.CashCardApplication for test class example.cashcard.CashCardJsonTest

  .   ____          _            __ _ _
 /\\ / ___'_ __ _ _(_)_ __  __ _ \ \ \ \
( ( )\___ | '_ | '_| | '_ \/ _` | \ \ \ \
 \\/  ___)| |_)| | | | | || (_| |  ) ) ) )
  '  |____| .__|_| |_|_| |_\__, | / / / /
 =========|_|==============|___/=/_/_/_/
 :: Spring Boot ::       (v3.1.9-SNAPSHOT)

2024-02-04T03:23:26.140Z  INFO 39718 --- [    Test worker] example.cashcard.CashCardJsonTest        : Starting CashCardJsonTest using Java 17.0.9 with PID 39718 (started by codespace in /workspaces/springboot-demo)
2024-02-04T03:23:26.140Z  INFO 39718 --- [    Test worker] example.cashcard.CashCardJsonTest        : No active profile set, falling back to 1 default profile: "default"
2024-02-04T03:23:26.235Z  INFO 39718 --- [    Test worker] example.cashcard.CashCardJsonTest        : Started CashCardJsonTest in 0.127 seconds (process running for 10.21)
]]></system-out>
  <system-err><![CDATA[]]></system-err>
</testsuite>
