<?xml version="1.0" encoding="UTF-8"?>
<testsuite name="example.cashcard.CashCardApplicationTests" tests="16" skipped="0" failures="0" errors="0" timestamp="2024-02-04T20:27:21" hostname="codespaces-31b204" time="8.155">
  <properties/>
  <testcase name="shouldReturnASortedPageOfCashCards()" classname="example.cashcard.CashCardApplicationTests" time="1.587"/>
  <testcase name="shouldNotAllowDeletionOfCashCardsTheyDoNotOwn()" classname="example.cashcard.CashCardApplicationTests" time="0.234"/>
  <testcase name="shouldDeleteAnExistingCashCard()" classname="example.cashcard.CashCardApplicationTests" time="0.588"/>
  <testcase name="shouldNotAllowAccessToCashCardsTheyDoNotOwn()" classname="example.cashcard.CashCardApplicationTests" time="0.195"/>
  <testcase name="shouldNotUpdateACashCardThatIsOwnedBySomeoneElse()" classname="example.cashcard.CashCardApplicationTests" time="0.128"/>
  <testcase name="shouldReturnACashCardWhenDataIsSaved()" classname="example.cashcard.CashCardApplicationTests" time="0.107"/>
  <testcase name="shouldNotDeleteACashCardThatDoesNotExist()" classname="example.cashcard.CashCardApplicationTests" time="0.106"/>
  <testcase name="shouldCreateANewCashCard()" classname="example.cashcard.CashCardApplicationTests" time="0.439"/>
  <testcase name="shouldRejectUsersWhoAreNotCardOwners()" classname="example.cashcard.CashCardApplicationTests" time="0.19"/>
  <testcase name="shouldReturnAPageOfCashCards()" classname="example.cashcard.CashCardApplicationTests" time="0.111"/>
  <testcase name="shouldUpdateAnExistingCashCard()" classname="example.cashcard.CashCardApplicationTests" time="0.434"/>
  <testcase name="shouldNotUpdateACashCardThatDoesNotExist()" classname="example.cashcard.CashCardApplicationTests" time="0.182"/>
  <testcase name="shouldNotReturnACashCardWhenUsingBadCredentials()" classname="example.cashcard.CashCardApplicationTests" time="0.253"/>
  <testcase name="shouldReturnAllCashCardsWhenListIsRequested()" classname="example.cashcard.CashCardApplicationTests" time="0.199"/>
  <testcase name="shouldReturnASortedPageOfCashCardsWithNoParametersAndUseDefaultValues()" classname="example.cashcard.CashCardApplicationTests" time="0.133"/>
  <testcase name="shouldNotReturnACashCardWithAnUnknownId()" classname="example.cashcard.CashCardApplicationTests" time="0.114"/>
  <system-out><![CDATA[20:27:17.008 [Test worker] INFO org.springframework.test.context.support.AnnotationConfigContextLoaderUtils -- Could not detect default configuration classes for test class [example.cashcard.CashCardApplicationTests]: CashCardApplicationTests does not declare any static, non-private, non-final, nested classes annotated with @Configuration.
20:27:17.196 [Test worker] INFO org.springframework.boot.test.context.SpringBootTestContextBootstrapper -- Found @SpringBootConfiguration example.cashcard.CashCardApplication for test class example.cashcard.CashCardApplicationTests

  .   ____          _            __ _ _
 /\\ / ___'_ __ _ _(_)_ __  __ _ \ \ \ \
( ( )\___ | '_ | '_| | '_ \/ _` | \ \ \ \
 \\/  ___)| |_)| | | | | || (_| |  ) ) ) )
  '  |____| .__|_| |_|_| |_\__, | / / / /
 =========|_|==============|___/=/_/_/_/
 :: Spring Boot ::       (v3.1.9-SNAPSHOT)

2024-02-04T20:27:17.727Z  INFO 21784 --- [    Test worker] e.cashcard.CashCardApplicationTests      : Starting CashCardApplicationTests using Java 17.0.9 with PID 21784 (started by codespace in /workspaces/springboot-demo)
2024-02-04T20:27:17.729Z  INFO 21784 --- [    Test worker] e.cashcard.CashCardApplicationTests      : No active profile set, falling back to 1 default profile: "default"
2024-02-04T20:27:18.678Z  INFO 21784 --- [    Test worker] .s.d.r.c.RepositoryConfigurationDelegate : Bootstrapping Spring Data JDBC repositories in DEFAULT mode.
2024-02-04T20:27:18.811Z  INFO 21784 --- [    Test worker] .s.d.r.c.RepositoryConfigurationDelegate : Finished Spring Data repository scanning in 118 ms. Found 1 JDBC repository interface.
2024-02-04T20:27:19.798Z  INFO 21784 --- [    Test worker] o.s.b.w.embedded.tomcat.TomcatWebServer  : Tomcat initialized with port(s): 0 (http)
2024-02-04T20:27:19.813Z  INFO 21784 --- [    Test worker] o.apache.catalina.core.StandardService   : Starting service [Tomcat]
2024-02-04T20:27:19.814Z  INFO 21784 --- [    Test worker] o.apache.catalina.core.StandardEngine    : Starting Servlet engine: [Apache Tomcat/10.1.18]
2024-02-04T20:27:19.975Z  INFO 21784 --- [    Test worker] o.a.c.c.C.[Tomcat].[localhost].[/]       : Initializing Spring embedded WebApplicationContext
2024-02-04T20:27:19.977Z  INFO 21784 --- [    Test worker] w.s.c.ServletWebServerApplicationContext : Root WebApplicationContext: initialization completed in 2167 ms
2024-02-04T20:27:20.114Z  INFO 21784 --- [    Test worker] o.s.j.d.e.EmbeddedDatabaseFactory        : Starting embedded database: url='jdbc:h2:mem:a08fb57a-5abb-458e-bbc1-35767403b797;DB_CLOSE_DELAY=-1;DB_CLOSE_ON_EXIT=false', username='sa'
2024-02-04T20:27:21.359Z  INFO 21784 --- [    Test worker] o.s.s.web.DefaultSecurityFilterChain     : Will secure any request with [org.springframework.security.web.session.DisableEncodeUrlFilter@42f9873e, org.springframework.security.web.context.request.async.WebAsyncManagerIntegrationFilter@18483b8b, org.springframework.security.web.context.SecurityContextHolderFilter@35e75f7a, org.springframework.security.web.header.HeaderWriterFilter@2d5ae78e, org.springframework.security.web.authentication.logout.LogoutFilter@3c544c9, org.springframework.security.web.authentication.www.BasicAuthenticationFilter@69d667a5, org.springframework.security.web.savedrequest.RequestCacheAwareFilter@269c7104, org.springframework.security.web.servletapi.SecurityContextHolderAwareRequestFilter@350567f1, org.springframework.security.web.authentication.AnonymousAuthenticationFilter@24fc2c80, org.springframework.security.web.access.ExceptionTranslationFilter@4315fe1b, org.springframework.security.web.access.intercept.AuthorizationFilter@7db47323]
2024-02-04T20:27:21.699Z  INFO 21784 --- [    Test worker] o.s.b.w.embedded.tomcat.TomcatWebServer  : Tomcat started on port(s): 38549 (http) with context path ''
2024-02-04T20:27:21.716Z  INFO 21784 --- [    Test worker] e.cashcard.CashCardApplicationTests      : Started CashCardApplicationTests in 4.36 seconds (process running for 6.079)
2024-02-04T20:27:22.759Z  INFO 21784 --- [o-auto-1-exec-1] o.a.c.c.C.[Tomcat].[localhost].[/]       : Initializing Spring DispatcherServlet 'dispatcherServlet'
2024-02-04T20:27:22.760Z  INFO 21784 --- [o-auto-1-exec-1] o.s.web.servlet.DispatcherServlet        : Initializing Servlet 'dispatcherServlet'
2024-02-04T20:27:22.764Z  INFO 21784 --- [o-auto-1-exec-1] o.s.web.servlet.DispatcherServlet        : Completed initialization in 1 ms
2024-02-04T20:27:23.910Z  INFO 21784 --- [    Test worker] o.apache.catalina.core.StandardService   : Stopping service [Tomcat]
2024-02-04T20:27:23.917Z  INFO 21784 --- [    Test worker] o.a.c.c.C.[Tomcat].[localhost].[/]       : Destroying Spring FrameworkServlet 'dispatcherServlet'
2024-02-04T20:27:23.933Z  INFO 21784 --- [    Test worker] o.s.j.d.e.EmbeddedDatabaseFactory        : Shutting down embedded database: url='jdbc:h2:mem:a08fb57a-5abb-458e-bbc1-35767403b797;DB_CLOSE_DELAY=-1;DB_CLOSE_ON_EXIT=false'

  .   ____          _            __ _ _
 /\\ / ___'_ __ _ _(_)_ __  __ _ \ \ \ \
( ( )\___ | '_ | '_| | '_ \/ _` | \ \ \ \
 \\/  ___)| |_)| | | | | || (_| |  ) ) ) )
  '  |____| .__|_| |_|_| |_\__, | / / / /
 =========|_|==============|___/=/_/_/_/
 :: Spring Boot ::       (v3.1.9-SNAPSHOT)

2024-02-04T20:27:24.368Z  INFO 21784 --- [    Test worker] e.cashcard.CashCardApplicationTests      : Starting CashCardApplicationTests using Java 17.0.9 with PID 21784 (started by codespace in /workspaces/springboot-demo)
2024-02-04T20:27:24.370Z  INFO 21784 --- [    Test worker] e.cashcard.CashCardApplicationTests      : No active profile set, falling back to 1 default profile: "default"
2024-02-04T20:27:24.696Z  INFO 21784 --- [    Test worker] .s.d.r.c.RepositoryConfigurationDelegate : Bootstrapping Spring Data JDBC repositories in DEFAULT mode.
2024-02-04T20:27:24.711Z  INFO 21784 --- [    Test worker] .s.d.r.c.RepositoryConfigurationDelegate : Finished Spring Data repository scanning in 15 ms. Found 1 JDBC repository interface.
2024-02-04T20:27:24.904Z  INFO 21784 --- [    Test worker] o.s.b.w.embedded.tomcat.TomcatWebServer  : Tomcat initialized with port(s): 0 (http)
2024-02-04T20:27:24.906Z  INFO 21784 --- [    Test worker] o.apache.catalina.core.StandardService   : Starting service [Tomcat]
2024-02-04T20:27:24.906Z  INFO 21784 --- [    Test worker] o.apache.catalina.core.StandardEngine    : Starting Servlet engine: [Apache Tomcat/10.1.18]
2024-02-04T20:27:24.935Z  INFO 21784 --- [    Test worker] o.a.c.c.C.[Tomcat].[localhost].[/]       : Initializing Spring embedded WebApplicationContext
2024-02-04T20:27:24.935Z  INFO 21784 --- [    Test worker] w.s.c.ServletWebServerApplicationContext : Root WebApplicationContext: initialization completed in 556 ms
2024-02-04T20:27:24.976Z  INFO 21784 --- [    Test worker] o.s.j.d.e.EmbeddedDatabaseFactory        : Starting embedded database: url='jdbc:h2:mem:bf8232ce-4476-49ea-8a0a-483305a7b7a3;DB_CLOSE_DELAY=-1;DB_CLOSE_ON_EXIT=false', username='sa'
2024-02-04T20:27:25.405Z  INFO 21784 --- [    Test worker] o.s.s.web.DefaultSecurityFilterChain     : Will secure any request with [org.springframework.security.web.session.DisableEncodeUrlFilter@37ab1b10, org.springframework.security.web.context.request.async.WebAsyncManagerIntegrationFilter@55d87b73, org.springframework.security.web.context.SecurityContextHolderFilter@655f92a1, org.springframework.security.web.header.HeaderWriterFilter@13f7c165, org.springframework.security.web.authentication.logout.LogoutFilter@637c8632, org.springframework.security.web.authentication.www.BasicAuthenticationFilter@30e15628, org.springframework.security.web.savedrequest.RequestCacheAwareFilter@1d2d793d, org.springframework.security.web.servletapi.SecurityContextHolderAwareRequestFilter@57fec63f, org.springframework.security.web.authentication.AnonymousAuthenticationFilter@618e7761, org.springframework.security.web.access.ExceptionTranslationFilter@43312512, org.springframework.security.web.access.intercept.AuthorizationFilter@34001c5d]
2024-02-04T20:27:25.472Z  INFO 21784 --- [    Test worker] o.s.b.w.embedded.tomcat.TomcatWebServer  : Tomcat started on port(s): 34593 (http) with context path ''
2024-02-04T20:27:25.479Z  INFO 21784 --- [    Test worker] e.cashcard.CashCardApplicationTests      : Started CashCardApplicationTests in 1.322 seconds (process running for 9.842)
2024-02-04T20:27:25.493Z  INFO 21784 --- [o-auto-2-exec-1] o.a.c.c.C.[Tomcat].[localhost].[/]       : Initializing Spring DispatcherServlet 'dispatcherServlet'
2024-02-04T20:27:25.493Z  INFO 21784 --- [o-auto-2-exec-1] o.s.web.servlet.DispatcherServlet        : Initializing Servlet 'dispatcherServlet'
2024-02-04T20:27:25.494Z  INFO 21784 --- [o-auto-2-exec-1] o.s.web.servlet.DispatcherServlet        : Completed initialization in 1 ms
2024-02-04T20:27:26.259Z  INFO 21784 --- [    Test worker] o.apache.catalina.core.StandardService   : Stopping service [Tomcat]
2024-02-04T20:27:26.260Z  INFO 21784 --- [    Test worker] o.a.c.c.C.[Tomcat].[localhost].[/]       : Destroying Spring FrameworkServlet 'dispatcherServlet'
2024-02-04T20:27:26.266Z  INFO 21784 --- [    Test worker] o.s.j.d.e.EmbeddedDatabaseFactory        : Shutting down embedded database: url='jdbc:h2:mem:bf8232ce-4476-49ea-8a0a-483305a7b7a3;DB_CLOSE_DELAY=-1;DB_CLOSE_ON_EXIT=false'

  .   ____          _            __ _ _
 /\\ / ___'_ __ _ _(_)_ __  __ _ \ \ \ \
( ( )\___ | '_ | '_| | '_ \/ _` | \ \ \ \
 \\/  ___)| |_)| | | | | || (_| |  ) ) ) )
  '  |____| .__|_| |_|_| |_\__, | / / / /
 =========|_|==============|___/=/_/_/_/
 :: Spring Boot ::       (v3.1.9-SNAPSHOT)

2024-02-04T20:27:26.506Z  INFO 21784 --- [    Test worker] e.cashcard.CashCardApplicationTests      : Starting CashCardApplicationTests using Java 17.0.9 with PID 21784 (started by codespace in /workspaces/springboot-demo)
2024-02-04T20:27:26.506Z  INFO 21784 --- [    Test worker] e.cashcard.CashCardApplicationTests      : No active profile set, falling back to 1 default profile: "default"
2024-02-04T20:27:26.641Z  INFO 21784 --- [    Test worker] .s.d.r.c.RepositoryConfigurationDelegate : Bootstrapping Spring Data JDBC repositories in DEFAULT mode.
2024-02-04T20:27:26.647Z  INFO 21784 --- [    Test worker] .s.d.r.c.RepositoryConfigurationDelegate : Finished Spring Data repository scanning in 5 ms. Found 1 JDBC repository interface.
2024-02-04T20:27:26.774Z  INFO 21784 --- [    Test worker] o.s.b.w.embedded.tomcat.TomcatWebServer  : Tomcat initialized with port(s): 0 (http)
2024-02-04T20:27:26.778Z  INFO 21784 --- [    Test worker] o.apache.catalina.core.StandardService   : Starting service [Tomcat]
2024-02-04T20:27:26.779Z  INFO 21784 --- [    Test worker] o.apache.catalina.core.StandardEngine    : Starting Servlet engine: [Apache Tomcat/10.1.18]
2024-02-04T20:27:26.810Z  INFO 21784 --- [    Test worker] o.a.c.c.C.[Tomcat].[localhost].[/]       : Initializing Spring embedded WebApplicationContext
2024-02-04T20:27:26.814Z  INFO 21784 --- [    Test worker] w.s.c.ServletWebServerApplicationContext : Root WebApplicationContext: initialization completed in 306 ms
2024-02-04T20:27:26.888Z  INFO 21784 --- [    Test worker] o.s.j.d.e.EmbeddedDatabaseFactory        : Starting embedded database: url='jdbc:h2:mem:3ec0648b-74f0-410f-b09b-274102805447;DB_CLOSE_DELAY=-1;DB_CLOSE_ON_EXIT=false', username='sa'
2024-02-04T20:27:27.296Z  INFO 21784 --- [    Test worker] o.s.s.web.DefaultSecurityFilterChain     : Will secure any request with [org.springframework.security.web.session.DisableEncodeUrlFilter@240f712e, org.springframework.security.web.context.request.async.WebAsyncManagerIntegrationFilter@3e7ddb7e, org.springframework.security.web.context.SecurityContextHolderFilter@6d5d1204, org.springframework.security.web.header.HeaderWriterFilter@5feb8e9a, org.springframework.security.web.authentication.logout.LogoutFilter@4f3e65f4, org.springframework.security.web.authentication.www.BasicAuthenticationFilter@1822a61b, org.springframework.security.web.savedrequest.RequestCacheAwareFilter@1784a296, org.springframework.security.web.servletapi.SecurityContextHolderAwareRequestFilter@49ea4b65, org.springframework.security.web.authentication.AnonymousAuthenticationFilter@6905d030, org.springframework.security.web.access.ExceptionTranslationFilter@eea0b48, org.springframework.security.web.access.intercept.AuthorizationFilter@66b62332]
2024-02-04T20:27:27.354Z  INFO 21784 --- [    Test worker] o.s.b.w.embedded.tomcat.TomcatWebServer  : Tomcat started on port(s): 42385 (http) with context path ''
2024-02-04T20:27:27.357Z  INFO 21784 --- [    Test worker] e.cashcard.CashCardApplicationTests      : Started CashCardApplicationTests in 0.885 seconds (process running for 11.72)
2024-02-04T20:27:27.365Z  INFO 21784 --- [o-auto-3-exec-1] o.a.c.c.C.[Tomcat].[localhost].[/]       : Initializing Spring DispatcherServlet 'dispatcherServlet'
2024-02-04T20:27:27.366Z  INFO 21784 --- [o-auto-3-exec-1] o.s.web.servlet.DispatcherServlet        : Initializing Servlet 'dispatcherServlet'
2024-02-04T20:27:27.366Z  INFO 21784 --- [o-auto-3-exec-1] o.s.web.servlet.DispatcherServlet        : Completed initialization in 0 ms
2024-02-04T20:27:27.886Z  INFO 21784 --- [    Test worker] o.apache.catalina.core.StandardService   : Stopping service [Tomcat]
2024-02-04T20:27:27.888Z  INFO 21784 --- [    Test worker] o.a.c.c.C.[Tomcat].[localhost].[/]       : Destroying Spring FrameworkServlet 'dispatcherServlet'
2024-02-04T20:27:27.895Z  INFO 21784 --- [    Test worker] o.s.j.d.e.EmbeddedDatabaseFactory        : Shutting down embedded database: url='jdbc:h2:mem:3ec0648b-74f0-410f-b09b-274102805447;DB_CLOSE_DELAY=-1;DB_CLOSE_ON_EXIT=false'

  .   ____          _            __ _ _
 /\\ / ___'_ __ _ _(_)_ __  __ _ \ \ \ \
( ( )\___ | '_ | '_| | '_ \/ _` | \ \ \ \
 \\/  ___)| |_)| | | | | || (_| |  ) ) ) )
  '  |____| .__|_| |_|_| |_\__, | / / / /
 =========|_|==============|___/=/_/_/_/
 :: Spring Boot ::       (v3.1.9-SNAPSHOT)

2024-02-04T20:27:28.168Z  INFO 21784 --- [    Test worker] e.cashcard.CashCardApplicationTests      : Starting CashCardApplicationTests using Java 17.0.9 with PID 21784 (started by codespace in /workspaces/springboot-demo)
2024-02-04T20:27:28.170Z  INFO 21784 --- [    Test worker] e.cashcard.CashCardApplicationTests      : No active profile set, falling back to 1 default profile: "default"
2024-02-04T20:27:28.324Z  INFO 21784 --- [    Test worker] .s.d.r.c.RepositoryConfigurationDelegate : Bootstrapping Spring Data JDBC repositories in DEFAULT mode.
2024-02-04T20:27:28.331Z  INFO 21784 --- [    Test worker] .s.d.r.c.RepositoryConfigurationDelegate : Finished Spring Data repository scanning in 5 ms. Found 1 JDBC repository interface.
2024-02-04T20:27:28.415Z  INFO 21784 --- [    Test worker] o.s.b.w.embedded.tomcat.TomcatWebServer  : Tomcat initialized with port(s): 0 (http)
2024-02-04T20:27:28.416Z  INFO 21784 --- [    Test worker] o.apache.catalina.core.StandardService   : Starting service [Tomcat]
2024-02-04T20:27:28.417Z  INFO 21784 --- [    Test worker] o.apache.catalina.core.StandardEngine    : Starting Servlet engine: [Apache Tomcat/10.1.18]
2024-02-04T20:27:28.436Z  INFO 21784 --- [    Test worker] o.a.c.c.C.[Tomcat].[localhost].[/]       : Initializing Spring embedded WebApplicationContext
2024-02-04T20:27:28.438Z  INFO 21784 --- [    Test worker] w.s.c.ServletWebServerApplicationContext : Root WebApplicationContext: initialization completed in 265 ms
2024-02-04T20:27:28.456Z  INFO 21784 --- [    Test worker] o.s.j.d.e.EmbeddedDatabaseFactory        : Starting embedded database: url='jdbc:h2:mem:cc6706d9-96e4-4b1d-964d-9ad6d60d3eba;DB_CLOSE_DELAY=-1;DB_CLOSE_ON_EXIT=false', username='sa'
2024-02-04T20:27:28.855Z  INFO 21784 --- [    Test worker] o.s.s.web.DefaultSecurityFilterChain     : Will secure any request with [org.springframework.security.web.session.DisableEncodeUrlFilter@53086bdc, org.springframework.security.web.context.request.async.WebAsyncManagerIntegrationFilter@254210b1, org.springframework.security.web.context.SecurityContextHolderFilter@6d911985, org.springframework.security.web.header.HeaderWriterFilter@12d8e6b6, org.springframework.security.web.authentication.logout.LogoutFilter@40ecead5, org.springframework.security.web.authentication.www.BasicAuthenticationFilter@74159dc9, org.springframework.security.web.savedrequest.RequestCacheAwareFilter@ab5dde4, org.springframework.security.web.servletapi.SecurityContextHolderAwareRequestFilter@706c2726, org.springframework.security.web.authentication.AnonymousAuthenticationFilter@600a1270, org.springframework.security.web.access.ExceptionTranslationFilter@77e1b84c, org.springframework.security.web.access.intercept.AuthorizationFilter@75d61b62]
2024-02-04T20:27:28.985Z  INFO 21784 --- [    Test worker] o.s.b.w.embedded.tomcat.TomcatWebServer  : Tomcat started on port(s): 42853 (http) with context path ''
2024-02-04T20:27:28.988Z  INFO 21784 --- [    Test worker] e.cashcard.CashCardApplicationTests      : Started CashCardApplicationTests in 0.888 seconds (process running for 13.351)
2024-02-04T20:27:29.000Z  INFO 21784 --- [o-auto-4-exec-1] o.a.c.c.C.[Tomcat].[localhost].[/]       : Initializing Spring DispatcherServlet 'dispatcherServlet'
2024-02-04T20:27:29.000Z  INFO 21784 --- [o-auto-4-exec-1] o.s.web.servlet.DispatcherServlet        : Initializing Servlet 'dispatcherServlet'
2024-02-04T20:27:29.001Z  INFO 21784 --- [o-auto-4-exec-1] o.s.web.servlet.DispatcherServlet        : Completed initialization in 1 ms
]]></system-out>
  <system-err><![CDATA[]]></system-err>
</testsuite>
