<?xml version="1.0" encoding="UTF-8"?>
<testsuite name="example.cashcard.CashCardApplicationTests" tests="10" skipped="0" failures="0" errors="0" timestamp="2024-02-04T03:23:21" hostname="codespaces-31b204" time="4.259">
  <properties/>
  <testcase name="shouldReturnASortedPageOfCashCards()" classname="example.cashcard.CashCardApplicationTests" time="1.529"/>
  <testcase name="shouldNotAllowAccessToCashCardsTheyDoNotOwn()" classname="example.cashcard.CashCardApplicationTests" time="0.131"/>
  <testcase name="shouldReturnACashCardWhenDataIsSaved()" classname="example.cashcard.CashCardApplicationTests" time="0.095"/>
  <testcase name="shouldCreateANewCashCard()" classname="example.cashcard.CashCardApplicationTests" time="0.525"/>
  <testcase name="shouldRejectUsersWhoAreNotCardOwners()" classname="example.cashcard.CashCardApplicationTests" time="0.192"/>
  <testcase name="shouldReturnAPageOfCashCards()" classname="example.cashcard.CashCardApplicationTests" time="0.097"/>
  <testcase name="shouldNotReturnACashCardWhenUsingBadCredentials()" classname="example.cashcard.CashCardApplicationTests" time="0.2"/>
  <testcase name="shouldReturnAllCashCardsWhenListIsRequested()" classname="example.cashcard.CashCardApplicationTests" time="0.159"/>
  <testcase name="shouldReturnASortedPageOfCashCardsWithNoParametersAndUseDefaultValues()" classname="example.cashcard.CashCardApplicationTests" time="0.294"/>
  <testcase name="shouldNotReturnACashCardWithAnUnknownId()" classname="example.cashcard.CashCardApplicationTests" time="0.096"/>
  <system-out><![CDATA[03:23:17.333 [Test worker] INFO org.springframework.test.context.support.AnnotationConfigContextLoaderUtils -- Could not detect default configuration classes for test class [example.cashcard.CashCardApplicationTests]: CashCardApplicationTests does not declare any static, non-private, non-final, nested classes annotated with @Configuration.
03:23:17.548 [Test worker] INFO org.springframework.boot.test.context.SpringBootTestContextBootstrapper -- Found @SpringBootConfiguration example.cashcard.CashCardApplication for test class example.cashcard.CashCardApplicationTests

  .   ____          _            __ _ _
 /\\ / ___'_ __ _ _(_)_ __  __ _ \ \ \ \
( ( )\___ | '_ | '_| | '_ \/ _` | \ \ \ \
 \\/  ___)| |_)| | | | | || (_| |  ) ) ) )
  '  |____| .__|_| |_|_| |_\__, | / / / /
 =========|_|==============|___/=/_/_/_/
 :: Spring Boot ::       (v3.1.9-SNAPSHOT)

2024-02-04T03:23:18.057Z  INFO 39718 --- [    Test worker] e.cashcard.CashCardApplicationTests      : Starting CashCardApplicationTests using Java 17.0.9 with PID 39718 (started by codespace in /workspaces/springboot-demo)
2024-02-04T03:23:18.082Z  INFO 39718 --- [    Test worker] e.cashcard.CashCardApplicationTests      : No active profile set, falling back to 1 default profile: "default"
2024-02-04T03:23:19.112Z  INFO 39718 --- [    Test worker] .s.d.r.c.RepositoryConfigurationDelegate : Bootstrapping Spring Data JDBC repositories in DEFAULT mode.
2024-02-04T03:23:19.162Z  INFO 39718 --- [    Test worker] .s.d.r.c.RepositoryConfigurationDelegate : Finished Spring Data repository scanning in 46 ms. Found 1 JDBC repository interface.
2024-02-04T03:23:19.834Z  INFO 39718 --- [    Test worker] o.s.b.w.embedded.tomcat.TomcatWebServer  : Tomcat initialized with port(s): 0 (http)
2024-02-04T03:23:19.845Z  INFO 39718 --- [    Test worker] o.apache.catalina.core.StandardService   : Starting service [Tomcat]
2024-02-04T03:23:19.846Z  INFO 39718 --- [    Test worker] o.apache.catalina.core.StandardEngine    : Starting Servlet engine: [Apache Tomcat/10.1.18]
2024-02-04T03:23:19.969Z  INFO 39718 --- [    Test worker] o.a.c.c.C.[Tomcat].[localhost].[/]       : Initializing Spring embedded WebApplicationContext
2024-02-04T03:23:19.973Z  INFO 39718 --- [    Test worker] w.s.c.ServletWebServerApplicationContext : Root WebApplicationContext: initialization completed in 1856 ms
2024-02-04T03:23:20.084Z  INFO 39718 --- [    Test worker] o.s.j.d.e.EmbeddedDatabaseFactory        : Starting embedded database: url='jdbc:h2:mem:23636cdf-df9e-4f28-a132-93a22ae33091;DB_CLOSE_DELAY=-1;DB_CLOSE_ON_EXIT=false', username='sa'
2024-02-04T03:23:21.503Z  INFO 39718 --- [    Test worker] o.s.s.web.DefaultSecurityFilterChain     : Will secure any request with [org.springframework.security.web.session.DisableEncodeUrlFilter@87aec6a, org.springframework.security.web.context.request.async.WebAsyncManagerIntegrationFilter@213012a0, org.springframework.security.web.context.SecurityContextHolderFilter@61554b6b, org.springframework.security.web.header.HeaderWriterFilter@139089a4, org.springframework.security.web.authentication.logout.LogoutFilter@3a6556b6, org.springframework.security.web.authentication.www.BasicAuthenticationFilter@3c544c9, org.springframework.security.web.savedrequest.RequestCacheAwareFilter@687b0ddc, org.springframework.security.web.servletapi.SecurityContextHolderAwareRequestFilter@365e65bb, org.springframework.security.web.authentication.AnonymousAuthenticationFilter@43a59289, org.springframework.security.web.access.ExceptionTranslationFilter@362a6aa5, org.springframework.security.web.access.intercept.AuthorizationFilter@5fe5c68b]
2024-02-04T03:23:21.782Z  INFO 39718 --- [    Test worker] o.s.b.w.embedded.tomcat.TomcatWebServer  : Tomcat started on port(s): 43269 (http) with context path ''
2024-02-04T03:23:21.797Z  INFO 39718 --- [    Test worker] e.cashcard.CashCardApplicationTests      : Started CashCardApplicationTests in 4.074 seconds (process running for 5.772)
2024-02-04T03:23:22.798Z  INFO 39718 --- [o-auto-1-exec-1] o.a.c.c.C.[Tomcat].[localhost].[/]       : Initializing Spring DispatcherServlet 'dispatcherServlet'
2024-02-04T03:23:22.799Z  INFO 39718 --- [o-auto-1-exec-1] o.s.web.servlet.DispatcherServlet        : Initializing Servlet 'dispatcherServlet'
2024-02-04T03:23:22.800Z  INFO 39718 --- [o-auto-1-exec-1] o.s.web.servlet.DispatcherServlet        : Completed initialization in 1 ms
2024-02-04T03:23:23.886Z  INFO 39718 --- [    Test worker] o.apache.catalina.core.StandardService   : Stopping service [Tomcat]
2024-02-04T03:23:23.887Z  INFO 39718 --- [    Test worker] o.a.c.c.C.[Tomcat].[localhost].[/]       : Destroying Spring FrameworkServlet 'dispatcherServlet'
2024-02-04T03:23:23.899Z  INFO 39718 --- [    Test worker] o.s.j.d.e.EmbeddedDatabaseFactory        : Shutting down embedded database: url='jdbc:h2:mem:23636cdf-df9e-4f28-a132-93a22ae33091;DB_CLOSE_DELAY=-1;DB_CLOSE_ON_EXIT=false'

  .   ____          _            __ _ _
 /\\ / ___'_ __ _ _(_)_ __  __ _ \ \ \ \
( ( )\___ | '_ | '_| | '_ \/ _` | \ \ \ \
 \\/  ___)| |_)| | | | | || (_| |  ) ) ) )
  '  |____| .__|_| |_|_| |_\__, | / / / /
 =========|_|==============|___/=/_/_/_/
 :: Spring Boot ::       (v3.1.9-SNAPSHOT)

2024-02-04T03:23:24.155Z  INFO 39718 --- [    Test worker] e.cashcard.CashCardApplicationTests      : Starting CashCardApplicationTests using Java 17.0.9 with PID 39718 (started by codespace in /workspaces/springboot-demo)
2024-02-04T03:23:24.156Z  INFO 39718 --- [    Test worker] e.cashcard.CashCardApplicationTests      : No active profile set, falling back to 1 default profile: "default"
2024-02-04T03:23:24.364Z  INFO 39718 --- [    Test worker] .s.d.r.c.RepositoryConfigurationDelegate : Bootstrapping Spring Data JDBC repositories in DEFAULT mode.
2024-02-04T03:23:24.372Z  INFO 39718 --- [    Test worker] .s.d.r.c.RepositoryConfigurationDelegate : Finished Spring Data repository scanning in 7 ms. Found 1 JDBC repository interface.
2024-02-04T03:23:24.494Z  INFO 39718 --- [    Test worker] o.s.b.w.embedded.tomcat.TomcatWebServer  : Tomcat initialized with port(s): 0 (http)
2024-02-04T03:23:24.495Z  INFO 39718 --- [    Test worker] o.apache.catalina.core.StandardService   : Starting service [Tomcat]
2024-02-04T03:23:24.496Z  INFO 39718 --- [    Test worker] o.apache.catalina.core.StandardEngine    : Starting Servlet engine: [Apache Tomcat/10.1.18]
2024-02-04T03:23:24.512Z  INFO 39718 --- [    Test worker] o.a.c.c.C.[Tomcat].[localhost].[/]       : Initializing Spring embedded WebApplicationContext
2024-02-04T03:23:24.513Z  INFO 39718 --- [    Test worker] w.s.c.ServletWebServerApplicationContext : Root WebApplicationContext: initialization completed in 354 ms
2024-02-04T03:23:24.534Z  INFO 39718 --- [    Test worker] o.s.j.d.e.EmbeddedDatabaseFactory        : Starting embedded database: url='jdbc:h2:mem:49cb80cd-44ea-4c93-863a-137408556f8c;DB_CLOSE_DELAY=-1;DB_CLOSE_ON_EXIT=false', username='sa'
2024-02-04T03:23:24.964Z  INFO 39718 --- [    Test worker] o.s.s.web.DefaultSecurityFilterChain     : Will secure any request with [org.springframework.security.web.session.DisableEncodeUrlFilter@a0bdbe2, org.springframework.security.web.context.request.async.WebAsyncManagerIntegrationFilter@261099e1, org.springframework.security.web.context.SecurityContextHolderFilter@4b7c0f39, org.springframework.security.web.header.HeaderWriterFilter@3055f310, org.springframework.security.web.authentication.logout.LogoutFilter@1b30b6f8, org.springframework.security.web.authentication.www.BasicAuthenticationFilter@149238fe, org.springframework.security.web.savedrequest.RequestCacheAwareFilter@25b402ea, org.springframework.security.web.servletapi.SecurityContextHolderAwareRequestFilter@2fccd98f, org.springframework.security.web.authentication.AnonymousAuthenticationFilter@ed1d2cf, org.springframework.security.web.access.ExceptionTranslationFilter@4419cd6e, org.springframework.security.web.access.intercept.AuthorizationFilter@575fe6da]
2024-02-04T03:23:25.017Z  INFO 39718 --- [    Test worker] o.s.b.w.embedded.tomcat.TomcatWebServer  : Tomcat started on port(s): 42887 (http) with context path ''
2024-02-04T03:23:25.021Z  INFO 39718 --- [    Test worker] e.cashcard.CashCardApplicationTests      : Started CashCardApplicationTests in 0.912 seconds (process running for 8.996)
2024-02-04T03:23:25.038Z  INFO 39718 --- [o-auto-2-exec-1] o.a.c.c.C.[Tomcat].[localhost].[/]       : Initializing Spring DispatcherServlet 'dispatcherServlet'
2024-02-04T03:23:25.038Z  INFO 39718 --- [o-auto-2-exec-1] o.s.web.servlet.DispatcherServlet        : Initializing Servlet 'dispatcherServlet'
2024-02-04T03:23:25.039Z  INFO 39718 --- [o-auto-2-exec-1] o.s.web.servlet.DispatcherServlet        : Completed initialization in 1 ms
]]></system-out>
  <system-err><![CDATA[]]></system-err>
</testsuite>
